2026-06-11 23:44:08,072 [INFO] TOPOL scheduler starting (cycle every 10 min, backfill every 60 min)
2026-06-11 23:44:08,107 [INFO] DB tables ready
2026-06-11 23:44:08,108 [INFO] Adding job tentatively -- it will be properly scheduled when the scheduler starts
2026-06-11 23:44:08,108 [INFO] Adding job tentatively -- it will be properly scheduled when the scheduler starts
2026-06-11 23:44:08,111 [INFO] Added job "run_cycle" to job store "default"
2026-06-11 23:44:08,111 [INFO] Added job "run_backfill_job" to job store "default"
2026-06-11 23:44:08,111 [INFO] Scheduler started
2026-06-11 23:44:08,112 [INFO] Running job "run_cycle (trigger: interval[0:10:00], next run at: 2026-06-11 23:44:08 MSK)" (scheduled at 2026-06-11 23:44:08.107983+03:00)
2026-06-11 23:44:08,160 [WARNING] DRY_RUN is ON — no writes will reach the sheets. Set TOPOL_DRY_RUN=0 to enable writes.
2026-06-11 23:44:08,160 [INFO] ======================================================================
2026-06-11 23:44:08,161 [INFO] 🌲 ТОПОЛЬ — ЦИКЛ 2026-06-11 23:44:08
2026-06-11 23:44:08,161 [INFO] ======================================================================
2026-06-11 23:44:08,161 [WARNING] DRY_RUN ON — writes are simulated only.
2026-06-11 23:44:33,602 [INFO] Шаг 3: 27 совпадений, 0 пропущено (уже обработано), 3 без триггера, 15012мс
2026-06-11 23:44:33,603 [INFO] Step 3: Дедлайн + исходник + готово → менеджер монтажа — 27 rows
2026-06-11 23:44:33,603 [INFO]   [NOTIFY] row 846 ID=15 — нужен монтаж
2026-06-11 23:44:33,649 [INFO]   [NOTIFY] row 847 ID=19 — нужен монтаж
2026-06-11 23:44:33,681 [INFO]   [NOTIFY] row 848 ID=20 — нужен монтаж
2026-06-11 23:44:33,714 [INFO]   [NOTIFY] row 849 ID=21 — нужен монтаж
2026-06-11 23:44:33,748 [INFO]   [NOTIFY] row 850 ID=22 — нужен монтаж
2026-06-11 23:44:33,780 [INFO]   [NOTIFY] row 851 ID=34 — нужен монтаж
2026-06-11 23:44:33,812 [INFO]   [NOTIFY] row 852 ID=35 — нужен монтаж
2026-06-11 23:44:33,845 [INFO]   [NOTIFY] row 853 ID=39 — нужен монтаж
2026-06-11 23:44:33,879 [INFO]   [NOTIFY] row 854 ID=37 — нужен монтаж
2026-06-11 23:44:33,910 [INFO]   [NOTIFY] row 855 ID=40 — нужен монтаж
2026-06-11 23:44:33,947 [INFO]   [NOTIFY] row 856 ID=9 — нужен монтаж
2026-06-11 23:44:33,978 [INFO]   [NOTIFY] row 857 ID=14 — нужен монтаж
2026-06-11 23:44:34,006 [INFO]   [NOTIFY] row 858 ID=10 — нужен монтаж
2026-06-11 23:44:34,036 [INFO]   [NOTIFY] row 859 ID=23 — нужен монтаж
2026-06-11 23:44:34,067 [INFO]   [NOTIFY] row 863 ID=2 — нужен монтаж
2026-06-11 23:44:34,096 [INFO]   [NOTIFY] row 864 ID=3 — нужен монтаж
2026-06-11 23:44:34,128 [INFO]   [NOTIFY] row 865 ID=4 — нужен монтаж
2026-06-11 23:44:34,157 [INFO]   [NOTIFY] row 866 ID=5 — нужен монтаж
2026-06-11 23:44:34,186 [INFO]   [NOTIFY] row 867 ID=6 — нужен монтаж
2026-06-11 23:44:34,216 [INFO]   [NOTIFY] row 868 ID=7 — нужен монтаж
2026-06-11 23:44:34,255 [INFO]   [NOTIFY] row 869 ID=8 — нужен монтаж
2026-06-11 23:44:34,285 [INFO]   [NOTIFY] row 870 ID=9 — нужен монтаж
2026-06-11 23:44:34,312 [INFO]   [NOTIFY] row 871 ID=14 — нужен монтаж
2026-06-11 23:44:34,339 [INFO]   [NOTIFY] row 872 ID=15 — нужен монтаж
2026-06-11 23:44:34,370 [INFO]   [NOTIFY] row 873 ID=1 — нужен монтаж
2026-06-11 23:44:34,399 [INFO]   [NOTIFY] row 874 ID=2 — нужен монтаж
2026-06-11 23:44:34,427 [INFO]   [NOTIFY] row 875 ID=10 — нужен монтаж
2026-06-11 23:44:34,454 [INFO]   execute_step: 27 действий за 851мс
2026-06-11 23:44:40,937 [INFO] Шаг 4: 5 совпадений, 20 пропущено (уже обработано), 5 без триггера, 6483мс
2026-06-11 23:44:40,938 [INFO] Step 4: Пинг-понг менеджер ↔ сценарист — 5 rows
2026-06-11 23:44:57,546 [INFO]   execute_step: 5 действий за 16608мс
2026-06-11 23:45:12,012 [INFO] Шаг 5: 17 совпадений, 13 пропущено (уже обработано), 0 без триггера, 14465мс
2026-06-11 23:45:12,012 [INFO] Step 5: Выбор монтажёра → табличка монтажёра — 17 rows
2026-06-11 23:45:16,770 [INFO]   ⏭ ВикторияМуравьева → ВикторияМуравьева: ID 22 уже есть
2026-06-11 23:45:20,707 [INFO]   ⏭ ВикторияМуравьева → ВикторияМуравьева: ID 34 уже есть
2026-06-11 23:45:23,370 [INFO]   ⏭ ВикторияМуравьева → ВикторияМуравьева: ID 40 уже есть
2026-06-11 23:45:29,417 [INFO]   ⏭ АллаГорбань → АллаГорбань: ID 9 уже есть
2026-06-11 23:45:32,719 [INFO]   ⏭ АллаГорбань → АллаГорбань: ID 14 уже есть
2026-06-11 23:45:38,253 [INFO]   [DRY-RUN] would write: ➕ ЗаданияV2 ← ['11.06.2026', '6', 'ВикторияМатематика', 'НикитаДенисов']
2026-06-11 23:45:38,253 [INFO]   ➡ НикитаДенисов → НикитаДенисов (ID 6)
2026-06-11 23:45:43,735 [INFO]   ⏭ НикитаУльянов → НикитаУльянов: ID 9 уже есть
2026-06-11 23:45:47,049 [INFO]   ⏭ НикитаУльянов → НикитаУльянов: ID 14 уже есть
2026-06-11 23:45:50,342 [INFO]   ⏭ НикитаУльянов → НикитаУльянов: ID 15 уже есть
2026-06-11 23:45:55,885 [INFO]   ⏭ АлексейПьянников → АлексейПьянников: ID 1 уже есть
2026-06-11 23:45:59,197 [INFO]   ⏭ АлексейПьянников → АлексейПьянников: ID 2 уже есть
2026-06-11 23:46:02,507 [INFO]   ⏭ АлексейПьянников → АлексейПьянников: ID 10 уже есть
2026-06-11 23:46:02,538 [INFO]   execute_step: 17 действий за 50525мс
2026-06-11 23:46:08,109 [INFO] Running job "run_backfill_job (trigger: interval[1:00:00], next run at: 2026-06-11 23:46:08 MSK)" (scheduled at 2026-06-11 23:46:08.108689+03:00)
2026-06-11 23:46:08,157 [WARNING] DRY_RUN is ON — no writes will reach the sheets. Set TOPOL_DRY_RUN=0 to enable writes.
2026-06-11 23:47:58,036 [WARNING] Rate limit (429), retrying in 4s...
2026-06-11 23:48:22,384 [INFO]   Montager scan: 0 new, 225 skipped, 0 no-data across 26 montagers (139846ms)
2026-06-11 23:48:54,560 [INFO] ======================================================================
2026-06-11 23:48:54,560 [INFO] 📈 ЦИКЛ ЗАВЕРШЁН: 49 действий, 286399мс (286.4с)
2026-06-11 23:48:59,925 [WARNING] Rate limit (429), retrying in 4s...
2026-06-11 23:49:15,680 [INFO] Job "run_cycle (trigger: interval[0:10:00], next run at: 2026-06-11 23:54:08 MSK)" executed successfully
