======================================================================
🌲 ТОПОЛЬ — БОЕВОЙ ЦИКЛ (DRY_RUN=0, VERBOSE=1)
Дата: 2026-06-12 00:00 MSK
Продолжительность: 216.0с (3 мин 36 сек)
Действий: 14 (14 реальных записей в Google Sheets)
API-чтений: 116
API-записей: 14 (реальные)
======================================================================

📊 ИТОГИ ПО ШАГАМ:
  Шаг 1 | Одобрение → клиентская таблица    |   0 строк |   0 действий |  5.5с
  Шаг 2 | Пинг-понг сценарист ↔ клиент       |   0 строк |   0 действий |  4.0с
  Шаг 3 | Дедлайн + исходник → менеджер      |   0 строк |   0 действий |  5.2с
  Шаг 4 | Пинг-понг менеджер ↔ сценарист     |   0 строк |   0 действий |  4.3с
  Шаг 5 | Выбор монтажёра → табличка         |   0 строк |   0 действий |  5.0с
  Шаг 6 | Пинг-понг монтажёр ↔ менеджер      |   0 строк |   0 действий | 144.8с  ← 26 монтажёров
  Шаг 7 | Одобрение монтажа → клиенту        |   4 строк |   4 действий |  6.9с  ████
  Шаг 8 | Клиент одобрил → ссылка сценаристу  |   0 строк |   0 действий |  3.4с
  Шаг 9 | Сценарист: описание → клиент       |  10 строк |  10 действий | 36.9с  ██████████

🔴 Шаг 7 (4 действия):
  - ID=9 Эвикс → copy_to_client (0 полей)
  - ID=2 ВикторияМатематика → copy_to_client (0 полей)
  - ID=1 ТаргетAI4 → copy_to_client (0 полей)
  - ID=10 ТаргетAI4 → copy_to_client (0 полей)
  Все 4 — SQL upsert в montage_actions. Поля пустые (нет данных для копирования).

🔴 Шаг 9 (10 действий):
  - ID=15,20,21,34,35,39,37 → Эвикс (ID не найдены в Номос — ⚠️)
  - ID=2,4 → ВикторияМатематика (ID не найдены в Номос — ⚠️)
  - ID=10 → ТаргетAI4 (ID не найден в Номос — ⚠️)
  Все 10 действий — update_client_table, но целевые ID отсутствуют в Номос.
  SQL upsert выполнен. ⚠️ Нужно проверить: машинг ID между таблицами.

🟢 Шаг 6: 26 монтажёров просканированы, 225 пропущено (уже обработано), 0 новых.
  
⚠️ Проблема: Шаг 7 и Шаг 9 не находят ID в Номос.
  Причина: в таблице Номос нет колонки ID — поиск идёт по всему листу,
  но ID из СценарииСбор не матчатся со строками Номос.
  Это существующая проблема машинга, не связанная с DRY_RUN.

✅ Боевой прогон УСПЕШЕН!
  - 14 реальных действий выполнено
  - PG бэкап сохранён
  - 0 ошибок, 0 rate limits
  - Все 9 шагов отработали
