2026-06-11 23:50:33,852 [INFO] TOPOL scheduler starting (cycle every 10 min, backfill every 60 min)
2026-06-11 23:50:33,886 [INFO] DB tables ready
2026-06-11 23:50:33,887 [INFO] Adding job tentatively -- it will be properly scheduled when the scheduler starts
2026-06-11 23:50:33,887 [INFO] Adding job tentatively -- it will be properly scheduled when the scheduler starts
2026-06-11 23:50:33,889 [INFO] Added job "run_cycle" to job store "default"
2026-06-11 23:50:33,889 [INFO] Added job "run_backfill_job" to job store "default"
2026-06-11 23:50:33,889 [INFO] Scheduler started
2026-06-11 23:50:33,890 [INFO] Running job "run_cycle (trigger: interval[0:10:00], next run at: 2026-06-11 23:50:33 MSK)" (scheduled at 2026-06-11 23:50:33.886643+03:00)
2026-06-11 23:50:33,938 [INFO] 🔧 SheetsClient инициализирован (dry_run=True)
2026-06-11 23:50:33,938 [WARNING] DRY_RUN is ON — no writes will reach the sheets. Set TOPOL_DRY_RUN=0 to enable writes.
2026-06-11 23:50:33,938 [INFO] 🏗 TopolEngine создан
2026-06-11 23:50:33,938 [INFO] ======================================================================
2026-06-11 23:50:33,939 [INFO] 🌲 ТОПОЛЬ — ЦИКЛ 2026-06-11 23:50:33
2026-06-11 23:50:33,939 [INFO] ======================================================================
2026-06-11 23:50:33,939 [INFO] 
2026-06-11 23:50:33,939 [INFO] 📊 КОНФИГУРАЦИЯ ЦИКЛА:
2026-06-11 23:50:33,939 [INFO]    DRY_RUN       = True
2026-06-11 23:50:33,939 [INFO]    SCAN_ROWS     = 30
2026-06-11 23:50:33,939 [INFO]    MAX_WRITES    = 50
2026-06-11 23:50:33,940 [INFO]    LOG_VERBOSE   = True
2026-06-11 23:50:33,940 [INFO]    Шагов         = 9
2026-06-11 23:50:33,940 [INFO]    Монтажёров    = 26 (с доступом: 26)
2026-06-11 23:50:33,940 [INFO]    PG_HOST       = ?
2026-06-11 23:50:33,940 [INFO] 
2026-06-11 23:50:33,940 [WARNING] DRY_RUN ON — writes are simulated only.
2026-06-11 23:50:33,940 [INFO] 
2026-06-11 23:50:33,940 [INFO] ━━━━━━━━━━━━━━━━━━━━━━━━━━━━━━━━━━━━━━━━━━━━━━━━━━━━━━━━━━━━━━━━━━━━━━
2026-06-11 23:50:33,941 [INFO] 📡 ШАГ 1: «Одобрение → клиентская таблица»
2026-06-11 23:50:33,941 [INFO]    action     = copy_to_client
2026-06-11 23:50:33,941 [INFO]    источник   = nomos_scenarios/main
2026-06-11 23:50:33,941 [INFO]    target     = montage_reference/clients
2026-06-11 23:50:33,941 [INFO]    status_col = Монтаж = 'Одобрено'
2026-06-11 23:50:33,941 [INFO] ━━━━━━━━━━━━━━━━━━━━━━━━━━━━━━━━━━━━━━━━━━━━━━━━━━━━━━━━━━━━━━━━━━━━━━
2026-06-11 23:50:33,941 [INFO]   🎯 Разрешили: nomos_scenarios/main → sid=1zVNwBX7e8FI... / tab='Номос'
2026-06-11 23:50:33,941 [INFO]   📥 Читаю заголовки: Номос [sid=1zVNwBX7e8FI...]...
2026-06-11 23:50:36,131 [INFO]     ✅ 8 колонок: Анализ материала, Обработка сценария, Сравнение сценария и дача оценки, Аудит Сценария, Аудит клиента, Монтаж, Публикация, ИИ Лея
2026-06-11 23:50:38,263 [INFO]   📥 Номос: читаю строки 205-234 (30 строк, рендж 'Номос'!A205:BO234)
2026-06-11 23:50:39,549 [INFO]     ✅ 30 строк получено (0 с ID) за 5608мс
2026-06-11 23:50:39,550 [INFO]     👀 Первая строка (row 205): {'Анализ материала': '', 'Обработка сценария': 'FALSE', 'Сравнение сценария и дача оценки': '7.1/10', 'Аудит Сценария': '', 'Аудит клиента': '', 'Монтаж': '', 'Публикация': ''}
2026-06-11 23:50:39,550 [INFO]   📊 Строк для проверки: 30
2026-06-11 23:50:39,572 [INFO]   [1] row 205 ID= — ⏩ уже обработано (хеш совпадает (данные не изменились))
2026-06-11 23:50:39,603 [INFO]   [2] row 206 ID= — ⏩ уже обработано (хеш совпадает (данные не изменились))
2026-06-11 23:50:39,620 [INFO]   [3] row 207 ID= — ⏩ уже обработано (хеш совпадает (данные не изменились))
2026-06-11 23:50:39,634 [INFO]   [4] row 208 ID= — ⏩ уже обработано (хеш совпадает (данные не изменились))
2026-06-11 23:50:39,648 [INFO]   [5] row 209 ID= — ⏩ уже обработано (хеш совпадает (данные не изменились))
2026-06-11 23:50:39,664 [INFO]   [6] row 210 ID= — ⏩ уже обработано (хеш совпадает (данные не изменились))
2026-06-11 23:50:39,678 [INFO]   [7] row 211 ID= — ⏩ уже обработано (хеш совпадает (данные не изменились))
2026-06-11 23:50:39,692 [INFO]   [8] row 212 ID= — ⏩ уже обработано (хеш совпадает (данные не изменились))
2026-06-11 23:50:39,707 [INFO]   [9] row 213 ID= — ⏩ уже обработано (хеш совпадает (данные не изменились))
2026-06-11 23:50:39,725 [INFO]   [10] row 214 ID= — ⏩ уже обработано (хеш совпадает (данные не изменились))
2026-06-11 23:50:39,745 [INFO]   [11] row 215 ID= — ⏩ уже обработано (хеш совпадает (данные не изменились))
2026-06-11 23:50:39,764 [INFO]   [12] row 216 ID= — ⏩ уже обработано (хеш совпадает (данные не изменились))
2026-06-11 23:50:39,786 [INFO]   [13] row 217 ID= — ⏩ уже обработано (хеш совпадает (данные не изменились))
2026-06-11 23:50:39,800 [INFO]   [14] row 218 ID= — ⏩ уже обработано (хеш совпадает (данные не изменились))
2026-06-11 23:50:39,816 [INFO]   [15] row 219 ID= — ⏩ уже обработано (хеш совпадает (данные не изменились))
2026-06-11 23:50:39,830 [INFO]   [16] row 220 ID= — ⏩ уже обработано (хеш совпадает (данные не изменились))
2026-06-11 23:50:39,846 [INFO]   [17] row 221 ID= — ⏩ уже обработано (хеш совпадает (данные не изменились))
2026-06-11 23:50:39,860 [INFO]   [18] row 222 ID= — ⏩ уже обработано (хеш совпадает (данные не изменились))
2026-06-11 23:50:39,874 [INFO]   [19] row 223 ID= — ⏩ уже обработано (хеш совпадает (данные не изменились))
2026-06-11 23:50:39,888 [INFO]   [20] row 224 ID= — ⏩ уже обработано (хеш совпадает (данные не изменились))
2026-06-11 23:50:39,903 [INFO]   [21] row 225 ID= — ⏩ уже обработано (хеш совпадает (данные не изменились))
2026-06-11 23:50:39,917 [INFO]   [22] row 226 ID= — ⏩ уже обработано (хеш совпадает (данные не изменились))
2026-06-11 23:50:39,932 [INFO]   [23] row 227 ID= — ⏩ уже обработано (хеш совпадает (данные не изменились))
2026-06-11 23:50:39,948 [INFO]   [24] row 228 ID= — ⏩ уже обработано (хеш совпадает (данные не изменились))
2026-06-11 23:50:39,964 [INFO]   [25] row 229 ID= — ⏩ уже обработано (хеш совпадает (данные не изменились))
2026-06-11 23:50:39,978 [INFO]   [26] row 230 ID= — ⏩ уже обработано (хеш совпадает (данные не изменились))
2026-06-11 23:50:39,993 [INFO]   [27] row 231 ID= — ⏩ уже обработано (хеш совпадает (данные не изменились))
2026-06-11 23:50:40,009 [INFO]   [28] row 232 ID= — ⏩ уже обработано (хеш совпадает (данные не изменились))
2026-06-11 23:50:40,025 [INFO]   [29] row 233 ID= — ⏩ уже обработано (хеш совпадает (данные не изменились))
2026-06-11 23:50:40,050 [INFO]   [30] row 234 ID= — ⏩ уже обработано (хеш совпадает (данные не изменились))
2026-06-11 23:50:40,050 [INFO]   🏁 Шаг 1: 0 совпадений, 30 пропущено (уже обработано), 0 без триггера, 6110мс
2026-06-11 23:50:40,051 [INFO]   ⏱ Шаг 1 занял 6110мс (6.1с)
2026-06-11 23:50:40,051 [INFO] 
2026-06-11 23:50:40,051 [INFO] ━━━━━━━━━━━━━━━━━━━━━━━━━━━━━━━━━━━━━━━━━━━━━━━━━━━━━━━━━━━━━━━━━━━━━━
2026-06-11 23:50:40,051 [INFO] 📡 ШАГ 2: «Пинг-понг сценарист ↔ клиент»
2026-06-11 23:50:40,051 [INFO]    action     = sync_bidirectional
2026-06-11 23:50:40,051 [INFO]    источник   = nomos_scenarios/main
2026-06-11 23:50:40,051 [INFO]    target     = montage_reference/client_scen
2026-06-11 23:50:40,051 [INFO]    fields     = ['Анализ материала', 'Аудит Сценария']
2026-06-11 23:50:40,051 [INFO] ━━━━━━━━━━━━━━━━━━━━━━━━━━━━━━━━━━━━━━━━━━━━━━━━━━━━━━━━━━━━━━━━━━━━━━
2026-06-11 23:50:40,051 [INFO]   🎯 Разрешили: nomos_scenarios/main → sid=1zVNwBX7e8FI... / tab='Номос'
2026-06-11 23:50:40,052 [INFO]   📋 Заголовки Номос — из кеша (8 колонок)
2026-06-11 23:50:42,015 [INFO]   📥 Номос: читаю строки 205-234 (30 строк, рендж 'Номос'!A205:BO234)
2026-06-11 23:50:43,452 [INFO]     ✅ 30 строк получено (0 с ID) за 3400мс
2026-06-11 23:50:43,452 [INFO]     👀 Первая строка (row 205): {'Анализ материала': '', 'Обработка сценария': 'FALSE', 'Сравнение сценария и дача оценки': '7.1/10', 'Аудит Сценария': '', 'Аудит клиента': '', 'Монтаж': '', 'Публикация': ''}
2026-06-11 23:50:43,452 [INFO]   📊 Строк для проверки: 30
2026-06-11 23:50:43,452 [INFO]   [1] row 205 ID= — ❌ триггер не сработал: Анализ материала='' → ❌ пусто | Аудит Сценария='' → ❌ пусто
2026-06-11 23:50:43,468 [INFO]   [2] row 206 ID= — ⏩ уже обработано (хеш совпадает (данные не изменились))
2026-06-11 23:50:43,483 [INFO]   [3] row 207 ID= — ⏩ уже обработано (хеш совпадает (данные не изменились))
2026-06-11 23:50:43,498 [INFO]   [4] row 208 ID= — ⏩ уже обработано (хеш совпадает (данные не изменились))
2026-06-11 23:50:43,499 [INFO]   [5] row 209 ID= — ❌ триггер не сработал: Анализ материала='' → ❌ пусто | Аудит Сценария='' → ❌ пусто
2026-06-11 23:50:43,513 [INFO]   [6] row 210 ID= — ⏩ уже обработано (хеш совпадает (данные не изменились))
2026-06-11 23:50:43,528 [INFO]   [7] row 211 ID= — ⏩ уже обработано (хеш совпадает (данные не изменились))
2026-06-11 23:50:43,542 [INFO]   [8] row 212 ID= — ⏩ уже обработано (хеш совпадает (данные не изменились))
2026-06-11 23:50:43,557 [INFO]   [9] row 213 ID= — ⏩ уже обработано (хеш совпадает (данные не изменились))
2026-06-11 23:50:43,572 [INFO]   [10] row 214 ID= — ⏩ уже обработано (хеш совпадает (данные не изменились))
2026-06-11 23:50:43,587 [INFO]   [11] row 215 ID= — ⏩ уже обработано (хеш совпадает (данные не изменились))
2026-06-11 23:50:43,600 [INFO]   [12] row 216 ID= — ⏩ уже обработано (хеш совпадает (данные не изменились))
2026-06-11 23:50:43,615 [INFO]   [13] row 217 ID= — ⏩ уже обработано (хеш совпадает (данные не изменились))
2026-06-11 23:50:43,615 [INFO]   [14] row 218 ID= — ❌ триггер не сработал: Анализ материала='' → ❌ пусто | Аудит Сценария='' → ❌ пусто
2026-06-11 23:50:43,629 [INFO]   [15] row 219 ID= — ⏩ уже обработано (хеш совпадает (данные не изменились))
2026-06-11 23:50:43,643 [INFO]   [16] row 220 ID= — ⏩ уже обработано (хеш совпадает (данные не изменились))
2026-06-11 23:50:43,644 [INFO]   [17] row 221 ID= — ❌ триггер не сработал: Анализ материала='' → ❌ пусто | Аудит Сценария='' → ❌ пусто
2026-06-11 23:50:43,658 [INFO]   [18] row 222 ID= — ⏩ уже обработано (хеш совпадает (данные не изменились))
2026-06-11 23:50:43,671 [INFO]   [19] row 223 ID= — ⏩ уже обработано (хеш совпадает (данные не изменились))
2026-06-11 23:50:43,693 [INFO]   [20] row 224 ID= — ⏩ уже обработано (хеш совпадает (данные не изменились))
2026-06-11 23:50:43,707 [INFO]   [21] row 225 ID= — ⏩ уже обработано (хеш совпадает (данные не изменились))
2026-06-11 23:50:43,721 [INFO]   [22] row 226 ID= — ⏩ уже обработано (хеш совпадает (данные не изменились))
2026-06-11 23:50:43,734 [INFO]   [23] row 227 ID= — ⏩ уже обработано (хеш совпадает (данные не изменились))
2026-06-11 23:50:43,750 [INFO]   [24] row 228 ID= — ⏩ уже обработано (хеш совпадает (данные не изменились))
2026-06-11 23:50:43,763 [INFO]   [25] row 229 ID= — ⏩ уже обработано (хеш совпадает (данные не изменились))
2026-06-11 23:50:43,763 [INFO]   [26] row 230 ID= — ❌ триггер не сработал: Анализ материала='' → ❌ пусто | Аудит Сценария='' → ❌ пусто
2026-06-11 23:50:43,778 [INFO]   [27] row 231 ID= — ⏩ уже обработано (хеш совпадает (данные не изменились))
2026-06-11 23:50:43,793 [INFO]   [28] row 232 ID= — ⏩ уже обработано (хеш совпадает (данные не изменились))
2026-06-11 23:50:43,808 [INFO]   [29] row 233 ID= — ⏩ уже обработано (хеш совпадает (данные не изменились))
2026-06-11 23:50:43,822 [INFO]   [30] row 234 ID= — ⏩ уже обработано (хеш совпадает (данные не изменились))
2026-06-11 23:50:43,822 [INFO]   🏁 Шаг 2: 0 совпадений, 25 пропущено (уже обработано), 5 без триггера, 3771мс
2026-06-11 23:50:43,822 [INFO]   ⏱ Шаг 2 занял 3771мс (3.8с)
2026-06-11 23:50:43,822 [INFO] 
2026-06-11 23:50:43,822 [INFO] ━━━━━━━━━━━━━━━━━━━━━━━━━━━━━━━━━━━━━━━━━━━━━━━━━━━━━━━━━━━━━━━━━━━━━━
2026-06-11 23:50:43,822 [INFO] 📡 ШАГ 3: «Дедлайн + исходник + готово → менеджер монтажа»
2026-06-11 23:50:43,822 [INFO]    action     = notify_manager
2026-06-11 23:50:43,822 [INFO]    источник   = montage_reference/scenarios
2026-06-11 23:50:43,822 [INFO]    target     = montage_reference/scenarios
2026-06-11 23:50:43,822 [INFO]    fields     = {'Дата дедлайна': 'filled', 'Ссылка с исходником и обложкой': 'filled', 'Статус Сценариста': 'Готово'}
2026-06-11 23:50:43,822 [INFO]    conditions = ALL
2026-06-11 23:50:43,822 [INFO] ━━━━━━━━━━━━━━━━━━━━━━━━━━━━━━━━━━━━━━━━━━━━━━━━━━━━━━━━━━━━━━━━━━━━━━
2026-06-11 23:50:43,822 [INFO]   🎯 Разрешили: montage_reference/scenarios → sid=1paHyEIxdB2t... / tab='СценарииСбор'
2026-06-11 23:50:43,823 [INFO]   📥 Читаю заголовки: СценарииСбор [sid=1paHyEIxdB2t...]...
2026-06-11 23:50:52,152 [INFO]     ✅ 27 колонок: ДатаСоздания, ID, Проект, Сценарист, Текст на обложке, Сценарий, Дата дедлайна, Ссылка с исходником и обложкой, Фирменный стиль клиента (Его зумы/шрифты/условия /призывы), ТЗ для монтажа, ТЗ монтажа доп (Доп условия), Статус Сценариста, Комментарий Сценариста, Одобрение исходника, Комментарий
2026-06-11 23:50:54,071 [INFO]   📥 СценарииСбор: читаю строки 846-875 (30 строк, рендж 'СценарииСбор'!A846:AA875)
2026-06-11 23:51:03,476 [INFO]     ✅ 30 строк получено (30 с ID) за 19654мс
2026-06-11 23:51:03,477 [INFO]     👀 Первая строка (row 846): {'ДатаСоздания': '20.05.2026', 'ID': '15', 'Проект': 'Эвикс', 'Сценарист': 'ЕкатеринаР', 'Текст на обложке': 'ОДНА ВКЛАДКА ВМЕСТО СЕМИ', 'Сценарий': 'Какие нейросети нужны, чтобы сделать вид', 'Дата дедлайна': '27.05.2026'}
2026-06-11 23:51:03,477 [INFO]   📊 Строк для проверки: 30
2026-06-11 23:51:03,495 [INFO]   [1] row 846 ID=15 — ⏩ уже обработано (хеш совпадает (данные не изменились))
2026-06-11 23:51:03,512 [INFO]   [2] row 847 ID=19 — ⏩ уже обработано (хеш совпадает (данные не изменились))
2026-06-11 23:51:03,528 [INFO]   [3] row 848 ID=20 — ⏩ уже обработано (хеш совпадает (данные не изменились))
2026-06-11 23:51:03,543 [INFO]   [4] row 849 ID=21 — ⏩ уже обработано (хеш совпадает (данные не изменились))
2026-06-11 23:51:03,559 [INFO]   [5] row 850 ID=22 — ⏩ уже обработано (хеш совпадает (данные не изменились))
2026-06-11 23:51:03,576 [INFO]   [6] row 851 ID=34 — ⏩ уже обработано (хеш совпадает (данные не изменились))
2026-06-11 23:51:03,593 [INFO]   [7] row 852 ID=35 — ⏩ уже обработано (хеш совпадает (данные не изменились))
2026-06-11 23:51:03,613 [INFO]   [8] row 853 ID=39 — ⏩ уже обработано (хеш совпадает (данные не изменились))
2026-06-11 23:51:03,631 [INFO]   [9] row 854 ID=37 — ⏩ уже обработано (хеш совпадает (данные не изменились))
2026-06-11 23:51:03,647 [INFO]   [10] row 855 ID=40 — ⏩ уже обработано (хеш совпадает (данные не изменились))
2026-06-11 23:51:03,665 [INFO]   [11] row 856 ID=9 — ⏩ уже обработано (хеш совпадает (данные не изменились))
2026-06-11 23:51:03,683 [INFO]   [12] row 857 ID=14 — ⏩ уже обработано (хеш совпадает (данные не изменились))
2026-06-11 23:51:03,697 [INFO]   [13] row 858 ID=10 — ⏩ уже обработано (хеш совпадает (данные не изменились))
2026-06-11 23:51:03,713 [INFO]   [14] row 859 ID=23 — ⏩ уже обработано (хеш совпадает (данные не изменились))
2026-06-11 23:51:03,714 [INFO]   [15] row 860 ID=27 — ❌ триггер не сработал: Дата дедлайна='28.05.2026' → ✅ | Ссылка с исходником и обложкой='https://drive.google.com/drive' → ✅ | Статус Сценариста='Проверить' (ждём 'Готово') → ❌
2026-06-11 23:51:03,714 [INFO]   [16] row 861 ID=29 — ❌ триггер не сработал: Дата дедлайна='28.05.2026' → ✅ | Ссылка с исходником и обложкой='https://drive.google.com/drive' → ✅ | Статус Сценариста='Проверить' (ждём 'Готово') → ❌
2026-06-11 23:51:03,714 [INFO]   [17] row 862 ID=30 — ❌ триггер не сработал: Дата дедлайна='28.05.2026' → ✅ | Ссылка с исходником и обложкой='https://drive.google.com/drive' → ✅ | Статус Сценариста='Проверить' (ждём 'Готово') → ❌
2026-06-11 23:51:03,729 [INFO]   [18] row 863 ID=2 — ⏩ уже обработано (хеш совпадает (данные не изменились))
2026-06-11 23:51:03,745 [INFO]   [19] row 864 ID=3 — ⏩ уже обработано (хеш совпадает (данные не изменились))
2026-06-11 23:51:03,760 [INFO]   [20] row 865 ID=4 — ⏩ уже обработано (хеш совпадает (данные не изменились))
2026-06-11 23:51:03,776 [INFO]   [21] row 866 ID=5 — ⏩ уже обработано (хеш совпадает (данные не изменились))
2026-06-11 23:51:03,790 [INFO]   [22] row 867 ID=6 — ⏩ уже обработано (хеш совпадает (данные не изменились))
2026-06-11 23:51:03,806 [INFO]   [23] row 868 ID=7 — ⏩ уже обработано (хеш совпадает (данные не изменились))
2026-06-11 23:51:03,821 [INFO]   [24] row 869 ID=8 — ⏩ уже обработано (хеш совпадает (данные не изменились))
2026-06-11 23:51:03,837 [INFO]   [25] row 870 ID=9 — ⏩ уже обработано (хеш совпадает (данные не изменились))
2026-06-11 23:51:03,853 [INFO]   [26] row 871 ID=14 — ⏩ уже обработано (хеш совпадает (данные не изменились))
2026-06-11 23:51:03,879 [INFO]   [27] row 872 ID=15 — ⏩ уже обработано (хеш совпадает (данные не изменились))
2026-06-11 23:51:03,896 [INFO]   [28] row 873 ID=1 — ⏩ уже обработано (хеш совпадает (данные не изменились))
2026-06-11 23:51:03,913 [INFO]   [29] row 874 ID=2 — ⏩ уже обработано (хеш совпадает (данные не изменились))
2026-06-11 23:51:03,929 [INFO]   [30] row 875 ID=10 — ⏩ уже обработано (хеш совпадает (данные не изменились))
2026-06-11 23:51:03,930 [INFO]   🏁 Шаг 3: 0 совпадений, 27 пропущено (уже обработано), 3 без триггера, 20107мс
2026-06-11 23:51:03,930 [INFO]   ⏱ Шаг 3 занял 20108мс (20.1с)
2026-06-11 23:51:03,930 [INFO] 
2026-06-11 23:51:03,930 [INFO] ━━━━━━━━━━━━━━━━━━━━━━━━━━━━━━━━━━━━━━━━━━━━━━━━━━━━━━━━━━━━━━━━━━━━━━
2026-06-11 23:51:03,930 [INFO] 📡 ШАГ 4: «Пинг-понг менеджер ↔ сценарист»
2026-06-11 23:51:03,930 [INFO]    action     = sync_bidirectional
2026-06-11 23:51:03,930 [INFO]    источник   = montage_reference/scenarios
2026-06-11 23:51:03,930 [INFO]    target     = nomos_scenarios/main
2026-06-11 23:51:03,930 [INFO]    fields     = ['Одобрение исходника', 'Комментарий']
2026-06-11 23:51:03,930 [INFO] ━━━━━━━━━━━━━━━━━━━━━━━━━━━━━━━━━━━━━━━━━━━━━━━━━━━━━━━━━━━━━━━━━━━━━━
2026-06-11 23:51:03,931 [INFO]   🎯 Разрешили: montage_reference/scenarios → sid=1paHyEIxdB2t... / tab='СценарииСбор'
2026-06-11 23:51:03,931 [INFO]   📋 Заголовки СценарииСбор — из кеша (27 колонок)
2026-06-11 23:51:06,058 [INFO]   📥 СценарииСбор: читаю строки 846-875 (30 строк, рендж 'СценарииСбор'!A846:AA875)
2026-06-11 23:51:06,912 [INFO]     ✅ 30 строк получено (30 с ID) за 2981мс
2026-06-11 23:51:06,912 [INFO]     👀 Первая строка (row 846): {'ДатаСоздания': '20.05.2026', 'ID': '15', 'Проект': 'Эвикс', 'Сценарист': 'ЕкатеринаР', 'Текст на обложке': 'ОДНА ВКЛАДКА ВМЕСТО СЕМИ', 'Сценарий': 'Какие нейросети нужны, чтобы сделать вид', 'Дата дедлайна': '27.05.2026'}
2026-06-11 23:51:06,912 [INFO]   📊 Строк для проверки: 30
2026-06-11 23:51:06,927 [INFO]   [1] row 846 ID=15 — ⏩ уже обработано (хеш совпадает (данные не изменились))
2026-06-11 23:51:06,941 [INFO]   [2] row 847 ID=19 — ⏩ уже обработано (хеш совпадает (данные не изменились))
2026-06-11 23:51:06,958 [INFO]   [3] row 848 ID=20 — ⏩ уже обработано (хеш совпадает (данные не изменились))
2026-06-11 23:51:06,973 [INFO]   [4] row 849 ID=21 — ⏩ уже обработано (хеш совпадает (данные не изменились))
2026-06-11 23:51:06,990 [INFO]   [5] row 850 ID=22 — ⏩ уже обработано (хеш совпадает (данные не изменились))
2026-06-11 23:51:07,004 [INFO]   [6] row 851 ID=34 — ⏩ уже обработано (хеш совпадает (данные не изменились))
2026-06-11 23:51:07,021 [INFO]   [7] row 852 ID=35 — ⏩ уже обработано (хеш совпадает (данные не изменились))
2026-06-11 23:51:07,037 [INFO]   [8] row 853 ID=39 — ⏩ уже обработано (хеш совпадает (данные не изменились))
2026-06-11 23:51:07,053 [INFO]   [9] row 854 ID=37 — ⏩ уже обработано (хеш совпадает (данные не изменились))
2026-06-11 23:51:07,071 [INFO]   [10] row 855 ID=40 — ⏩ уже обработано (хеш совпадает (данные не изменились))
2026-06-11 23:51:07,088 [INFO]   [11] row 856 ID=9 — ⏩ уже обработано (хеш совпадает (данные не изменились))
2026-06-11 23:51:07,104 [INFO]   [12] row 857 ID=14 — ⏩ уже обработано (хеш совпадает (данные не изменились))
2026-06-11 23:51:07,104 [INFO]   [13] row 858 ID=10 — ❌ триггер не сработал: Одобрение исходника='' → ❌ пусто | Комментарий='' → ❌ пусто
2026-06-11 23:51:07,104 [INFO]   [14] row 859 ID=23 — ❌ триггер не сработал: Одобрение исходника='' → ❌ пусто | Комментарий='' → ❌ пусто
2026-06-11 23:51:07,104 [INFO]   [15] row 860 ID=27 — ❌ триггер не сработал: Одобрение исходника='' → ❌ пусто | Комментарий='' → ❌ пусто
2026-06-11 23:51:07,104 [INFO]   [16] row 861 ID=29 — ❌ триггер не сработал: Одобрение исходника='' → ❌ пусто | Комментарий='' → ❌ пусто
2026-06-11 23:51:07,104 [INFO]   [17] row 862 ID=30 — ❌ триггер не сработал: Одобрение исходника='' → ❌ пусто | Комментарий='' → ❌ пусто
2026-06-11 23:51:07,121 [INFO]   [18] row 863 ID=2 — ⏩ уже обработано (хеш совпадает (данные не изменились))
2026-06-11 23:51:07,142 [INFO]   [19] row 864 ID=3 — ⏩ уже обработано (хеш совпадает (данные не изменились))
2026-06-11 23:51:07,159 [INFO]   [20] row 865 ID=4 — ⏩ уже обработано (хеш совпадает (данные не изменились))
2026-06-11 23:51:07,175 [INFO]   [21] row 866 ID=5 — ⏩ уже обработано (хеш совпадает (данные не изменились))
2026-06-11 23:51:07,192 [INFO]   [22] row 867 ID=6 — ⏩ уже обработано (хеш совпадает (данные не изменились))
2026-06-11 23:51:07,207 [INFO]   [23] row 868 ID=7 — ⏩ уже обработано (хеш совпадает (данные не изменились))
2026-06-11 23:51:07,222 [INFO]   [24] row 869 ID=8 — ⏩ уже обработано (хеш совпадает (данные не изменились))
2026-06-11 23:51:07,238 [INFO]   [25] row 870 ID=9 — ⏩ уже обработано (хеш совпадает (данные не изменились))
2026-06-11 23:51:07,254 [INFO]   [26] row 871 ID=14 — ⏩ уже обработано (хеш совпадает (данные не изменились))
2026-06-11 23:51:07,269 [INFO]   [27] row 872 ID=15 — ⏩ уже обработано (хеш совпадает (данные не изменились))
2026-06-11 23:51:07,285 [INFO]   [28] row 873 ID=1 — ⏩ уже обработано (хеш совпадает (данные не изменились))
2026-06-11 23:51:07,302 [INFO]   [29] row 874 ID=2 — ⏩ уже обработано (хеш совпадает (данные не изменились))
2026-06-11 23:51:07,318 [INFO]   [30] row 875 ID=10 — ⏩ уже обработано (хеш совпадает (данные не изменились))
2026-06-11 23:51:07,318 [INFO]   🏁 Шаг 4: 0 совпадений, 25 пропущено (уже обработано), 5 без триггера, 3388мс
2026-06-11 23:51:07,319 [INFO]   ⏱ Шаг 4 занял 3389мс (3.4с)
2026-06-11 23:51:07,319 [INFO] 
2026-06-11 23:51:07,319 [INFO] ━━━━━━━━━━━━━━━━━━━━━━━━━━━━━━━━━━━━━━━━━━━━━━━━━━━━━━━━━━━━━━━━━━━━━━
2026-06-11 23:51:07,319 [INFO] 📡 ШАГ 5: «Выбор монтажёра → табличка монтажёра»
2026-06-11 23:51:07,319 [INFO]    action     = assign_to_montager
2026-06-11 23:51:07,319 [INFO]    источник   = montage_reference/scenarios
2026-06-11 23:51:07,319 [INFO]    target     = montage_reference/scenarios
2026-06-11 23:51:07,319 [INFO]    status_col = Выбор монтажера = 'filled'
2026-06-11 23:51:07,319 [INFO] ━━━━━━━━━━━━━━━━━━━━━━━━━━━━━━━━━━━━━━━━━━━━━━━━━━━━━━━━━━━━━━━━━━━━━━
2026-06-11 23:51:07,319 [INFO]   🎯 Разрешили: montage_reference/scenarios → sid=1paHyEIxdB2t... / tab='СценарииСбор'
2026-06-11 23:51:07,319 [INFO]   📋 Заголовки СценарииСбор — из кеша (27 колонок)
2026-06-11 23:51:10,603 [INFO]   📥 СценарииСбор: читаю строки 846-875 (30 строк, рендж 'СценарииСбор'!A846:AA875)
2026-06-11 23:51:15,205 [INFO]     ✅ 30 строк получено (30 с ID) за 7886мс
2026-06-11 23:51:15,205 [INFO]     👀 Первая строка (row 846): {'ДатаСоздания': '20.05.2026', 'ID': '15', 'Проект': 'Эвикс', 'Сценарист': 'ЕкатеринаР', 'Текст на обложке': 'ОДНА ВКЛАДКА ВМЕСТО СЕМИ', 'Сценарий': 'Какие нейросети нужны, чтобы сделать вид', 'Дата дедлайна': '27.05.2026'}
2026-06-11 23:51:15,205 [INFO]   📊 Строк для проверки: 30
2026-06-11 23:51:15,221 [INFO]   [1] row 846 ID=15 — ⏩ уже обработано (хеш совпадает (данные не изменились))
2026-06-11 23:51:15,236 [INFO]   [2] row 847 ID=19 — ⏩ уже обработано (хеш совпадает (данные не изменились))
2026-06-11 23:51:15,252 [INFO]   [3] row 848 ID=20 — ⏩ уже обработано (хеш совпадает (данные не изменились))
2026-06-11 23:51:15,267 [INFO]   [4] row 849 ID=21 — ⏩ уже обработано (хеш совпадает (данные не изменились))
2026-06-11 23:51:15,285 [INFO]   [5] row 850 ID=22 — ⏩ уже обработано (хеш совпадает (данные не изменились))
2026-06-11 23:51:15,301 [INFO]   [6] row 851 ID=34 — ⏩ уже обработано (хеш совпадает (данные не изменились))
2026-06-11 23:51:15,319 [INFO]   [7] row 852 ID=35 — ⏩ уже обработано (хеш совпадает (данные не изменились))
2026-06-11 23:51:15,336 [INFO]   [8] row 853 ID=39 — ⏩ уже обработано (хеш совпадает (данные не изменились))
2026-06-11 23:51:15,353 [INFO]   [9] row 854 ID=37 — ⏩ уже обработано (хеш совпадает (данные не изменились))
2026-06-11 23:51:15,370 [INFO]   [10] row 855 ID=40 — ⏩ уже обработано (хеш совпадает (данные не изменились))
2026-06-11 23:51:15,386 [INFO]   [11] row 856 ID=9 — ⏩ уже обработано (хеш совпадает (данные не изменились))
2026-06-11 23:51:15,402 [INFO]   [12] row 857 ID=14 — ⏩ уже обработано (хеш совпадает (данные не изменились))
2026-06-11 23:51:15,420 [INFO]   [13] row 858 ID=10 — ⏩ уже обработано (хеш совпадает (данные не изменились))
2026-06-11 23:51:15,442 [INFO]   [14] row 859 ID=23 — ⏩ уже обработано (хеш совпадает (данные не изменились))
2026-06-11 23:51:15,458 [INFO]   [15] row 860 ID=27 — ⏩ уже обработано (хеш совпадает (данные не изменились))
2026-06-11 23:51:15,473 [INFO]   [16] row 861 ID=29 — ⏩ уже обработано (хеш совпадает (данные не изменились))
2026-06-11 23:51:15,488 [INFO]   [17] row 862 ID=30 — ⏩ уже обработано (хеш совпадает (данные не изменились))
2026-06-11 23:51:15,505 [INFO]   [18] row 863 ID=2 — ⏩ уже обработано (хеш совпадает (данные не изменились))
2026-06-11 23:51:15,522 [INFO]   [19] row 864 ID=3 — ⏩ уже обработано (хеш совпадает (данные не изменились))
2026-06-11 23:51:15,538 [INFO]   [20] row 865 ID=4 — ⏩ уже обработано (хеш совпадает (данные не изменились))
2026-06-11 23:51:15,554 [INFO]   [21] row 866 ID=5 — ⏩ уже обработано (хеш совпадает (данные не изменились))
2026-06-11 23:51:15,571 [INFO]   [22] row 867 ID=6 — ⏩ уже обработано (хеш совпадает (данные не изменились))
2026-06-11 23:51:15,587 [INFO]   [23] row 868 ID=7 — ⏩ уже обработано (хеш совпадает (данные не изменились))
2026-06-11 23:51:15,602 [INFO]   [24] row 869 ID=8 — ⏩ уже обработано (хеш совпадает (данные не изменились))
2026-06-11 23:51:15,619 [INFO]   [25] row 870 ID=9 — ⏩ уже обработано (хеш совпадает (данные не изменились))
2026-06-11 23:51:15,634 [INFO]   [26] row 871 ID=14 — ⏩ уже обработано (хеш совпадает (данные не изменились))
2026-06-11 23:51:15,652 [INFO]   [27] row 872 ID=15 — ⏩ уже обработано (хеш совпадает (данные не изменились))
2026-06-11 23:51:15,669 [INFO]   [28] row 873 ID=1 — ⏩ уже обработано (хеш совпадает (данные не изменились))
2026-06-11 23:51:15,687 [INFO]   [29] row 874 ID=2 — ⏩ уже обработано (хеш совпадает (данные не изменились))
2026-06-11 23:51:15,706 [INFO]   [30] row 875 ID=10 — ⏩ уже обработано (хеш совпадает (данные не изменились))
2026-06-11 23:51:15,706 [INFO]   🏁 Шаг 5: 0 совпадений, 30 пропущено (уже обработано), 0 без триггера, 8387мс
2026-06-11 23:51:15,707 [INFO]   ⏱ Шаг 5 занял 8387мс (8.4с)
2026-06-11 23:51:15,707 [INFO] 
2026-06-11 23:51:15,707 [INFO] ━━━━━━━━━━━━━━━━━━━━━━━━━━━━━━━━━━━━━━━━━━━━━━━━━━━━━━━━━━━━━━━━━━━━━━
2026-06-11 23:51:15,707 [INFO] 📡 ШАГ 6: «Пинг-понг монтажёр ↔ менеджер (все таблицы)»
2026-06-11 23:51:15,707 [INFO]    action     = sync_montager_bidirectional
2026-06-11 23:51:15,707 [INFO]    источник   = montage_reference/scenarios
2026-06-11 23:51:15,707 [INFO]    target     = montage_reference/scenarios
2026-06-11 23:51:15,707 [INFO]    fields     = ['Статус Монтажа', 'Комментарий Монтажёра']
2026-06-11 23:51:15,707 [INFO] ━━━━━━━━━━━━━━━━━━━━━━━━━━━━━━━━━━━━━━━━━━━━━━━━━━━━━━━━━━━━━━━━━━━━━━
2026-06-11 23:51:15,707 [INFO]   🔄 Монтажёр-скан: 26 из 26 с доступом
2026-06-11 23:51:15,707 [INFO]   Поля для синка: ['Статус Монтажа', 'Комментарий Монтажёра']
2026-06-11 23:51:15,707 [INFO]   📥 Читаю заголовки: ЗаданияV2 [sid=1qijk5q_JehY...]...
2026-06-11 23:51:17,901 [INFO]     ✅ 18 колонок: ДатаСоздания, ID, Проект, Сценарист, Текст на обложке, Сценарий, Дата дедлайна, Ссылка с исходником и обложкой, Фирменный стиль клиента (Его зумы/шрифты/условия /призывы), ТЗ для монтажа, ТЗ монтажа доп (Доп условия), Цена Оплаты, Дата периода оплаты, Одобрение отв. лица, Коментарий сценариста по монтажу
2026-06-11 23:51:19,960 [INFO]   📥 ЗаданияV2: читаю строки 47-76 (30 строк, рендж 'ЗаданияV2'!A47:R76)
2026-06-11 23:51:21,080 [INFO]     ✅ 30 строк получено (30 с ID) за 5373мс
2026-06-11 23:51:21,081 [INFO]     👀 Первая строка (row 47): {'ДатаСоздания': '08.04.2026', 'ID': '18', 'Проект': 'Роксана', 'Сценарист': '', 'Текст на обложке': 'ЛИЦУ НУЖНА ПОМОЩЬ', 'Сценарий': 'Посмотрите в зеркало вечером. Если видит', 'Дата дедлайна': '15.05.2026'}
2026-06-11 23:51:21,546 [INFO]     📋 АлександраДоронина: 30 строк, 29 ID с данными, 0 новых, 29 уже обработано, 1 без данных
2026-06-11 23:51:21,546 [INFO]   📥 Читаю заголовки: ЗаданияV2 [sid=1iPeSA72WOSJ...]...
2026-06-11 23:51:23,730 [INFO]     ✅ 18 колонок: Дата Создания, ID, Проект, Сценарист, Текст на обложке, Сценарий, Дата дедлайна, Ссылка с исходником и обложкой, Фирменный стиль клиента (Его зумы/шрифты/условия /призывы), ТЗ для монтажа, ТЗ монтажа доп (Доп условия), Цена Оплаты, Дата периода оплаты, Одобрение отв. лица, Коментарий сценариста по монтажу
2026-06-11 23:51:25,806 [INFO]   📥 ЗаданияV2: читаю строки 152-181 (30 строк, рендж 'ЗаданияV2'!A152:R181)
2026-06-11 23:51:26,903 [INFO]     ✅ 30 строк получено (30 с ID) за 5357мс
2026-06-11 23:51:26,903 [INFO]     👀 Первая строка (row 152): {'Дата Создания': '27.05.2026', 'ID': '115', 'Проект': 'Медтайм', 'Сценарист': 'ЕкатеринаР', 'Текст на обложке': 'ВРЕДНЫЕ СОВЕТЫ', 'Сценарий': 'Хотите чтобы ваш близкий никогда не выше', 'Дата дедлайна': '03.06.2026'}
2026-06-11 23:51:27,201 [INFO]     📋 АлексейПьянников: 30 строк, 18 ID с данными, 0 новых, 18 уже обработано, 12 без данных
2026-06-11 23:51:27,202 [INFO]   📥 Читаю заголовки: ЗаданияV2 [sid=11zMcjX6Ae68...]...
2026-06-11 23:51:29,409 [INFO]     ✅ 18 колонок: ДатаСоздания, ID, Проект, Сценарист, Текст на обложке, Сценарий, Дата дедлайна, Ссылка с исходником и обложкой, Фирменный стиль клиента (Его зумы/шрифты/условия /призывы), ТЗ для монтажа, ТЗ монтажа доп (Доп условия), Цена Оплаты, Дата периода оплаты, Одобрение отв. лица, Коментарий сценариста по монтажу
2026-06-11 23:51:31,502 [INFO]   📥 ЗаданияV2: читаю строки 137-166 (30 строк, рендж 'ЗаданияV2'!A137:R166)
2026-06-11 23:51:32,635 [INFO]     ✅ 30 строк получено (30 с ID) за 5433мс
2026-06-11 23:51:32,635 [INFO]     👀 Первая строка (row 137): {'ДатаСоздания': '24.04.2026', 'ID': '807', 'Проект': 'Ангелина', 'Сценарист': 'ДарьяМ', 'Текст на обложке': 'ХОТЕЛИ КАК ЛУЧШЕ', 'Сценарий': '10 фраз, которые близкие говорят из любв', 'Дата дедлайна': '30.04.2026'}
2026-06-11 23:51:32,635 [INFO]     📋 АлисаБолдырева: 30 строк, 0 ID с данными, 0 новых, 0 уже обработано, 30 без данных
2026-06-11 23:51:32,635 [INFO]   📥 Читаю заголовки: ЗаданияV2 [sid=1-NOixuy4uFJ...]...
2026-06-11 23:51:34,789 [INFO]     ✅ 18 колонок: ДатаСоздания, ID, Проект, Сценарист, Текст на обложке, Сценарий, Дата дедлайна, Ссылка с исходником и обложкой, Фирменный стиль клиента (Его зумы/шрифты/условия /призывы), ТЗ для монтажа, ТЗ монтажа доп (Доп условия), Цена Оплаты, Дата периода оплаты, Одобрение отв. лица, Коментарий сценариста по монтажу
2026-06-11 23:51:36,875 [INFO]   📥 ЗаданияV2: читаю строки 130-159 (30 строк, рендж 'ЗаданияV2'!A130:R159)
2026-06-11 23:51:38,041 [INFO]     ✅ 30 строк получено (30 с ID) за 5406мс
2026-06-11 23:51:38,041 [INFO]     👀 Первая строка (row 130): {'ДатаСоздания': '18.05.2026', 'ID': '112', 'Проект': 'ДокторВолос', 'Сценарист': '', 'Текст на обложке': 'АПТЕКА ЗА КОПЕЙКИ', 'Сценарий': 'Три аптечных средства по цене чашки кофе', 'Дата дедлайна': '02.06.2026'}
2026-06-11 23:51:38,445 [INFO]     📋 АллаГорбань: 30 строк, 26 ID с данными, 0 новых, 26 уже обработано, 4 без данных
2026-06-11 23:51:38,445 [INFO]   📥 Читаю заголовки: ЗаданияV2 [sid=1jnQSR4cqC-J...]...
2026-06-11 23:51:40,562 [INFO]     ✅ 18 колонок: ДатаСоздания, ID, Проект, Сценарист, Текст на обложке, Сценарий, Дата дедлайна, Ссылка с исходником и обложкой, Фирменный стиль клиента (Его зумы/шрифты/условия /призывы), ТЗ для монтажа, ТЗ монтажа доп (Доп условия), Цена Оплаты, Дата периода оплаты, Одобрение отв. лица, Коментарий сценариста по монтажу
2026-06-11 23:51:42,648 [INFO]   📥 ЗаданияV2: читаю строки 2-3 (2 строк, рендж 'ЗаданияV2'!A2:R3)
2026-06-11 23:51:43,736 [INFO]     ✅ 2 строк получено (2 с ID) за 5291мс
2026-06-11 23:51:43,736 [INFO]     👀 Первая строка (row 2): {'ДатаСоздания': '06.04.2026', 'ID': '0', 'Проект': 'ВсеСвои', 'Сценарист': 'Кристина', 'Текст на обложке': 'ТЕСТ', 'Сценарий': 'ТЕСТ', 'Дата дедлайна': 'ТЕСТ'}
2026-06-11 23:51:43,769 [INFO]     📋 АмираАбдукадырова: 2 строк, 2 ID с данными, 0 новых, 2 уже обработано, 0 без данных
2026-06-11 23:51:43,769 [INFO]   📥 Читаю заголовки: ЗаданияV2 [sid=1CyB5Vuz80UF...]...
2026-06-11 23:51:46,110 [INFO]     ✅ 18 колонок: ,, ID, Проект, Сценарист, Текст на обложке, Сценарий, Дата дедлайна, Ссылка с исходником и обложкой, Фирменный стиль клиента (Его зумы/шрифты/условия /призывы), ТЗ для монтажа, ТЗ монтажа доп (Доп условия), Цена Оплаты, Дата периода оплаты, Одобрение отв. лица, Коментарий сценариста по монтажу
2026-06-11 23:51:48,129 [INFO]   📥 ЗаданияV2: читаю строки 149-178 (30 строк, рендж 'ЗаданияV2'!A149:R178)
2026-06-11 23:51:49,308 [INFO]     ✅ 30 строк получено (30 с ID) за 5539мс
2026-06-11 23:51:49,309 [INFO]     👀 Первая строка (row 149): {',': '29.04.2026', 'ID': '1062', 'Проект': 'ВсеСвои', 'Сценарист': 'Кристина', 'Текст на обложке': 'ДВА КОМПОНЕНТА', 'Сценарий': 'Сохраните и перешлите тому, кто вечно ле', 'Дата дедлайна': ''}
2026-06-11 23:51:49,309 [INFO]     📋 АннаЛесько: 30 строк, 0 ID с данными, 0 новых, 0 уже обработано, 30 без данных
2026-06-11 23:51:49,309 [INFO]   📥 Читаю заголовки: ЗаданияV2 [sid=1as6phB-5P5y...]...
2026-06-11 23:51:51,555 [INFO]     ✅ 19 колонок: ДатаСоздания, ID, Проект, Сценарист, Текст на обложке, Сценарий, Дата дедлайна, Ссылка с исходником и обложкой, Фирменный стиль клиента (Его зумы/шрифты/условия /призывы), ТЗ для монтажа, ТЗ монтажа доп (Доп условия), Цена Оплаты, Дата периода оплаты, Одобрение отв. лица, Коментарий сценариста по монтажу
2026-06-11 23:51:53,668 [INFO]   📥 ЗаданияV2: читаю строки 268-297 (30 строк, рендж 'ЗаданияV2'!A268:S297)
2026-06-11 23:51:54,746 [INFO]     ✅ 30 строк получено (30 с ID) за 5437мс
2026-06-11 23:51:54,746 [INFO]     👀 Первая строка (row 268): {'ДатаСоздания': '11.06.2026', 'ID': '355', 'Проект': 'ВсеСвои', 'Сценарист': 'АртемЗдорик', 'Текст на обложке': '', 'Сценарий': '', 'Дата дедлайна': ''}
2026-06-11 23:51:54,746 [INFO]     📋 АртемЗдорик: 30 строк, 0 ID с данными, 0 новых, 0 уже обработано, 30 без данных
2026-06-11 23:51:54,746 [INFO]   📥 Читаю заголовки: ЗаданияV2 [sid=1l5u7uD8UrhV...]...
2026-06-11 23:51:57,171 [INFO]     ✅ 18 колонок: ДатаСоздания, ID, Проект, Сценарист, Текст на обложке, Сценарий, Дата дедлайна, Ссылка с исходником и обложкой, Фирменный стиль клиента (Его зумы/шрифты/условия /призывы), ТЗ для монтажа, ТЗ монтажа доп (Доп условия), Цена Оплаты, Дата периода оплаты, Одобрение отв. лица, Коментарий сценариста по монтажу
2026-06-11 23:51:59,255 [INFO]   📥 ЗаданияV2: читаю строки 2-2 (1 строк, рендж 'ЗаданияV2'!A2:R2)
2026-06-11 23:52:00,336 [INFO]     ✅ 1 строк получено (1 с ID) за 5590мс
2026-06-11 23:52:00,337 [INFO]     👀 Первая строка (row 2): {'ДатаСоздания': '06.04.2026', 'ID': '0', 'Проект': 'ВсеСвои', 'Сценарист': 'Кристина', 'Текст на обложке': 'ТЕСТ', 'Сценарий': 'ТЕСТ', 'Дата дедлайна': 'ТЕСТ'}
2026-06-11 23:52:00,337 [INFO]     📋 АтлуханАсадов: 1 строк, 0 ID с данными, 0 новых, 0 уже обработано, 1 без данных
2026-06-11 23:52:00,337 [INFO]   📥 Читаю заголовки: ЗаданияV2 [sid=1J5nci2Oq-De...]...
2026-06-11 23:52:02,654 [INFO]     ✅ 18 колонок: ДатаСоздания, ID, Проект, Сценарист, Текст на обложке, Сценарий, Дата дедлайна, Ссылка с исходником и обложкой, Фирменный стиль клиента (Его зумы/шрифты/условия /призывы), ТЗ для монтажа, ТЗ монтажа доп (Доп условия), Цена Оплаты, Дата периода оплаты, Одобрение отв. лица, Коментарий сценариста по монтажу
2026-06-11 23:52:04,720 [INFO]   📥 ЗаданияV2: читаю строки 2-30 (29 строк, рендж 'ЗаданияV2'!A2:R30)
2026-06-11 23:52:05,255 [INFO]     ✅ 29 строк получено (29 с ID) за 4918мс
2026-06-11 23:52:05,255 [INFO]     👀 Первая строка (row 2): {'ДатаСоздания': '06.04.2026', 'ID': '0', 'Проект': 'ВсеСвои', 'Сценарист': 'Кристина', 'Текст на обложке': 'ТЕСТ', 'Сценарий': 'ТЕСТ', 'Дата дедлайна': 'ТЕСТ'}
2026-06-11 23:52:05,683 [INFO]     📋 ВикторияМуравьева: 29 строк, 28 ID с данными, 0 новых, 28 уже обработано, 1 без данных
2026-06-11 23:52:05,683 [INFO]   📥 Читаю заголовки: ЗаданияV2 [sid=1qbN1Ll8bnFO...]...
2026-06-11 23:52:08,264 [INFO]     ✅ 18 колонок: ДатаСоздания, ID, Проект, Сценарист, Текст на обложке, Сценарий, Дата дедлайна, Ссылка с исходником и обложкой, Фирменный стиль клиента (Его зумы/шрифты/условия /призывы), ТЗ для монтажа, ТЗ монтажа доп (Доп условия), Цена Оплаты, Дата периода оплаты, Одобрение отв. лица, Коментарий сценариста по монтажу
2026-06-11 23:52:10,327 [INFO]   📥 ЗаданияV2: читаю строки 154-183 (30 строк, рендж 'ЗаданияV2'!A154:R183)
2026-06-11 23:52:11,423 [INFO]     ✅ 30 строк получено (30 с ID) за 5739мс
2026-06-11 23:52:11,423 [INFO]     👀 Первая строка (row 154): {'ДатаСоздания': '11.06.2026', 'ID': '422', 'Проект': 'ВсеСвои', 'Сценарист': 'ДариюшГайдуцкий', 'Текст на обложке': '', 'Сценарий': '', 'Дата дедлайна': ''}
2026-06-11 23:52:11,423 [INFO]     📋 ДариюшГайдуцкий: 30 строк, 0 ID с данными, 0 новых, 0 уже обработано, 30 без данных
2026-06-11 23:52:11,423 [INFO]   📥 Читаю заголовки: ЗаданияV2 [sid=1f1nTbyQwRme...]...
2026-06-11 23:52:13,738 [INFO]     ✅ 18 колонок: ДатаСоздания, ID, Проект, Сценарист, Текст на обложке, Сценарий, Дата дедлайна, Ссылка с исходником и обложкой, Фирменный стиль клиента (Его зумы/шрифты/условия /призывы), ТЗ для монтажа, ТЗ монтажа доп (Доп условия), Цена Оплаты, Дата периода оплаты, Одобрение отв. лица, Коментарий сценариста по монтажу
2026-06-11 23:52:15,841 [INFO]   📥 ЗаданияV2: читаю строки 352-381 (30 строк, рендж 'ЗаданияV2'!A352:R381)
2026-06-11 23:52:16,913 [INFO]     ✅ 30 строк получено (30 с ID) за 5490мс
2026-06-11 23:52:16,913 [INFO]     👀 Первая строка (row 352): {'ДатаСоздания': '11.06.2026', 'ID': '4678', 'Проект': 'ИПХ', 'Сценарист': 'ДарьяЗаболотная', 'Текст на обложке': '', 'Сценарий': '', 'Дата дедлайна': ''}
2026-06-11 23:52:16,914 [INFO]     📋 ДарьяЗаболотная: 30 строк, 0 ID с данными, 0 новых, 0 уже обработано, 30 без данных
2026-06-11 23:52:16,914 [INFO]   📥 Читаю заголовки: ЗаданияV2 [sid=1kVIt2qk6BEo...]...
2026-06-11 23:52:18,566 [INFO]     ✅ 18 колонок: ДатаСоздания, ID, Проект, Сценарист, Текст на обложке, Сценарий, Дата дедлайна, Ссылка с исходником и обложкой, Фирменный стиль клиента (Его зумы/шрифты/условия /призывы), ТЗ для монтажа, ТЗ монтажа доп (Доп условия), Цена Оплаты, Дата периода оплаты, Одобрение отв. лица, Коментарий сценариста по монтажу
2026-06-11 23:52:20,693 [INFO]   📥 ЗаданияV2: читаю строки 101-130 (30 строк, рендж 'ЗаданияV2'!A101:R130)
2026-06-11 23:52:21,793 [INFO]     ✅ 30 строк получено (30 с ID) за 4879мс
2026-06-11 23:52:21,793 [INFO]     👀 Первая строка (row 101): {'ДатаСоздания': '18.05.2026', 'ID': '256', 'Проект': 'Кристина', 'Сценарист': 'Лариса', 'Текст на обложке': 'БАДЫ — РАЗВОД', 'Сценарий': 'Скажу то, за что меня возненавидят колле', 'Дата дедлайна': '26.05.2026'}
2026-06-11 23:52:22,243 [INFO]     📋 ЕкатеринаСивухина: 30 строк, 28 ID с данными, 0 новых, 28 уже обработано, 2 без данных
2026-06-11 23:52:22,243 [INFO]   📥 Читаю заголовки: ЗаданияV2 [sid=1uCZvmPt4A0W...]...
2026-06-11 23:52:24,786 [INFO]     ✅ 18 колонок: ДатаСоздания, ID, Проект, Сценарист, Текст на обложке, Сценарий, Дата дедлайна, Ссылка с исходником и обложкой, Фирменный стиль клиента (Его зумы/шрифты/условия /призывы), ТЗ для монтажа, ТЗ монтажа доп (Доп условия), Цена Оплаты, Дата периода оплаты, Одобрение отв. лица, Коментарий сценариста по монтажу
2026-06-11 23:52:26,817 [INFO]   📥 ЗаданияV2: читаю строки 2-2 (1 строк, рендж 'ЗаданияV2'!A2:R2)
2026-06-11 23:52:27,928 [INFO]     ✅ 1 строк получено (1 с ID) за 5685мс
2026-06-11 23:52:27,929 [INFO]     👀 Первая строка (row 2): {'ДатаСоздания': '06.04.2026', 'ID': '0', 'Проект': 'ВсеСвои', 'Сценарист': 'Кристина', 'Текст на обложке': 'ТЕСТ', 'Сценарий': 'ТЕСТ', 'Дата дедлайна': 'ТЕСТ'}
2026-06-11 23:52:27,929 [INFO]     📋 ЕленаИстомина: 1 строк, 0 ID с данными, 0 новых, 0 уже обработано, 1 без данных
2026-06-11 23:52:27,929 [INFO]   📥 Читаю заголовки: ЗаданияV2 [sid=1jUL1IVsHLOs...]...
2026-06-11 23:52:30,309 [INFO]     ✅ 18 колонок: ДатаСоздания, ID, Проект, Сценарист, Текст на обложке, Сценарий, Дата дедлайна, Ссылка с исходником и обложкой, Фирменный стиль клиента (Его зумы/шрифты/условия /призывы), ТЗ для монтажа, ТЗ монтажа доп (Доп условия), Цена Оплаты, Дата периода оплаты, Одобрение отв. лица, Коментарий сценариста по монтажу
2026-06-11 23:52:32,720 [INFO]   📥 ЗаданияV2: читаю строки 179-208 (30 строк, рендж 'ЗаданияV2'!A179:R208)
2026-06-11 23:52:33,685 [INFO]     ✅ 30 строк получено (30 с ID) за 5756мс
2026-06-11 23:52:33,685 [INFO]     👀 Первая строка (row 179): {'ДатаСоздания': '11.06.2026', 'ID': '357', 'Проект': 'ВсеСвои', 'Сценарист': 'ЕлизаветаЛукьяненко', 'Текст на обложке': '', 'Сценарий': '', 'Дата дедлайна': ''}
2026-06-11 23:52:33,686 [INFO]     📋 ЕлизаветаЛукьяненко: 30 строк, 0 ID с данными, 0 новых, 0 уже обработано, 30 без данных
2026-06-11 23:52:33,686 [INFO]   📥 Читаю заголовки: ЗаданияV2 [sid=1nRPmNLff2EJ...]...
2026-06-11 23:52:33,888 [INFO] Running job "run_backfill_job (trigger: interval[1:00:00], next run at: 2026-06-11 23:52:33 MSK)" (scheduled at 2026-06-11 23:52:33.887318+03:00)
2026-06-11 23:52:33,936 [INFO] 🔧 SheetsClient инициализирован (dry_run=True)
2026-06-11 23:52:33,936 [WARNING] DRY_RUN is ON — no writes will reach the sheets. Set TOPOL_DRY_RUN=0 to enable writes.
2026-06-11 23:52:33,936 [INFO]   📋 Заголовки СценарииСбор — из кеша (27 колонок)
2026-06-11 23:52:33,936 [INFO]   📋 Заголовки СценарииСбор — из кеша (27 колонок)
2026-06-11 23:52:35,996 [INFO]     ✅ 18 колонок: ДатаСоздания, ID, Проект, Сценарист, Текст на обложке, Сценарий, Дата дедлайна, Ссылка с исходником и обложкой, Фирменный стиль клиента (Его зумы/шрифты/условия /призывы), ТЗ для монтажа, ТЗ монтажа доп (Доп условия), Цена Оплаты, Дата периода оплаты, Одобрение отв. лица, Коментарий сценариста по монтажу
2026-06-11 23:52:38,092 [INFO]   📥 ЗаданияV2: читаю строки 2-16 (15 строк, рендж 'ЗаданияV2'!A2:R16)
2026-06-11 23:52:39,183 [INFO]     ✅ 15 строк получено (15 с ID) за 5498мс
2026-06-11 23:52:39,184 [INFO]     👀 Первая строка (row 2): {'ДатаСоздания': '06.04.2026', 'ID': '0', 'Проект': 'ВсеСвои', 'Сценарист': 'Кристина', 'Текст на обложке': 'ТЕСТ', 'Сценарий': 'ТЕСТ', 'Дата дедлайна': 'ТЕСТ'}
2026-06-11 23:52:39,310 [INFO]     📋 КристинаГорелова: 15 строк, 8 ID с данными, 0 новых, 8 уже обработано, 7 без данных
2026-06-11 23:52:39,310 [INFO]   📥 Читаю заголовки: ЗаданияV2 [sid=1qn3iBKsfZnE...]...
2026-06-11 23:52:41,487 [INFO]   📥 СценарииСбор: читаю строки 2-875 (874 строк, рендж 'СценарииСбор'!A2:AA875)
2026-06-11 23:52:41,518 [INFO]     ✅ 18 колонок: ДатаСоздания, ID, Проект, Сценарист, Текст на обложке, Сценарий, Дата дедлайна, Ссылка с исходником и обложкой, Фирменный стиль клиента (Его зумы/шрифты/условия /призывы), ТЗ для монтажа, ТЗ монтажа доп (Доп условия), Цена Оплаты, Дата периода оплаты, Одобрение отв. лица, Коментарий сценариста по монтажу
2026-06-11 23:52:43,586 [INFO]   📥 ЗаданияV2: читаю строки 341-370 (30 строк, рендж 'ЗаданияV2'!A341:R370)
2026-06-11 23:52:44,094 [INFO]     ✅ 30 строк получено (30 с ID) за 4784мс
2026-06-11 23:52:44,094 [INFO]     👀 Первая строка (row 341): {'ДатаСоздания': '11.05.2026', 'ID': '1323', 'Проект': 'ГинекологСюсан', 'Сценарист': 'Лариса', 'Текст на обложке': 'ПЛЁНКИ НЕ СУЩЕСТВУЕТ', 'Сценарий': 'То, что вы называете девственностью — ан', 'Дата дедлайна': '18.05.2026'}
2026-06-11 23:52:44,094 [INFO]     📋 МихаилШашков: 30 строк, 0 ID с данными, 0 новых, 0 уже обработано, 30 без данных
2026-06-11 23:52:44,094 [INFO]   📥 Читаю заголовки: ЗаданияV2 [sid=1Xrf3GpvMH_1...]...
2026-06-11 23:52:47,030 [INFO]     ✅ 18 колонок: ДатаСоздания, ID, Проект, Сценарист, Текст на обложке, Сценарий, Дата дедлайна, Ссылка с исходником и обложкой, Фирменный стиль клиента (Его зумы/шрифты/условия /призывы), ТЗ для монтажа, ТЗ монтажа доп (Доп условия), Цена Оплаты, Дата периода оплаты, Одобрение отв. лица, Коментарий сценариста по монтажу
2026-06-11 23:52:47,434 [INFO]     ✅ 874 строк получено (874 с ID) за 13497мс
2026-06-11 23:52:47,434 [INFO]     👀 Первая строка (row 2): {'ДатаСоздания': '19.05.2026', 'ID': '346', 'Проект': 'ВсеСвои', 'Сценарист': 'Кристина', 'Текст на обложке': 'СЕКРЕТЫ ДЛЯ ЗУБОВ', 'Сценарий': '5 продуктов для зубов, о которых молчат ', 'Дата дедлайна': ''}
2026-06-11 23:52:47,710 [INFO]   📥 Читаю заголовки: ВсеСвои [sid=1paHyEIxdB2t...]...
2026-06-11 23:52:49,125 [INFO]   📥 ЗаданияV2: читаю строки 2-23 (22 строк, рендж 'ЗаданияV2'!A2:R23)
2026-06-11 23:52:49,875 [INFO]     ✅ 27 колонок: ДатаСоздания, ID, Проект, Сценарист, Текст на обложке, Сценарий, Дата дедлайна, Ссылка с исходником и обложкой, Фирменный стиль клиента (Его зумы/шрифты/условия /призывы), ТЗ для монтажа, ТЗ монтажа доп (Доп условия), Статус Сценариста, Комментарий Сценариста, Одобрение исходника, Комментарий
2026-06-11 23:52:50,312 [INFO]     ✅ 22 строк получено (22 с ID) за 6217мс
2026-06-11 23:52:50,312 [INFO]     👀 Первая строка (row 2): {'ДатаСоздания': '0', 'ID': '0', 'Проект': 'тест', 'Сценарист': 'тест', 'Текст на обложке': 'тест', 'Сценарий': 'тест', 'Дата дедлайна': 'тест'}
2026-06-11 23:52:50,689 [INFO]     📋 НадеждаГордеева: 22 строк, 22 ID с данными, 0 новых, 22 уже обработано, 0 без данных
2026-06-11 23:52:50,689 [INFO]   📥 Читаю заголовки: ЗаданияV2 [sid=1haEu5UqA_L4...]...
2026-06-11 23:52:52,007 [INFO]   📥 ВсеСвои: читаю строки 2-189 (188 строк, рендж 'ВсеСвои'!A2:AA189)
2026-06-11 23:52:53,562 [INFO]     ✅ 18 колонок: ДатаСоздания, ID, Проект, Сценарист, Текст на обложке, Сценарий, Дата дедлайна, Ссылка с исходником и обложкой, Фирменный стиль клиента (Его зумы/шрифты/условия /призывы), ТЗ для монтажа, ТЗ монтажа доп (Доп условия), Цена Оплаты, Дата периода оплаты, Одобрение отв. лица, Коментарий сценариста по монтажу
2026-06-11 23:52:55,648 [INFO]   📥 ЗаданияV2: читаю строки 205-234 (30 строк, рендж 'ЗаданияV2'!A205:R234)
2026-06-11 23:52:56,799 [INFO]     ✅ 30 строк получено (30 с ID) за 6110мс
2026-06-11 23:52:56,799 [INFO]     👀 Первая строка (row 205): {'ДатаСоздания': '20.04.2026', 'ID': '955', 'Проект': 'ВилстримРу', 'Сценарист': 'Кристина', 'Текст на обложке': '4 КВАДРАНТА ДЕЛЕГИРОВАНИЯ', 'Сценарий': '"Вот почему вы нанимаете и сразу увольня', 'Дата дедлайна': '28.05.2026'}
2026-06-11 23:52:56,799 [INFO]     📋 НикитаДенисов: 30 строк, 0 ID с данными, 0 новых, 0 уже обработано, 30 без данных
2026-06-11 23:52:56,799 [INFO]   📥 Читаю заголовки: ЗаданияV2 [sid=1V-4QAfBddu9...]...
2026-06-11 23:52:59,140 [INFO]     ✅ 18 колонок: ДатаСоздания, ID, Проект, Сценарист, Текст на обложке, Сценарий, Дата дедлайна, Ссылка с исходником и обложкой, Фирменный стиль клиента (Его зумы/шрифты/условия /призывы), ТЗ для монтажа, ТЗ монтажа доп (Доп условия), Цена Оплаты, Дата периода оплаты, Одобрение отв. лица, Коментарий сценариста по монтажу
2026-06-11 23:53:01,232 [INFO]   📥 ЗаданияV2: читаю строки 201-230 (30 строк, рендж 'ЗаданияV2'!A201:R230)
2026-06-11 23:53:02,463 [INFO]     ✅ 30 строк получено (30 с ID) за 5664мс
2026-06-11 23:53:02,463 [INFO]     👀 Первая строка (row 201): {'ДатаСоздания': '30.04.2026', 'ID': '1440', 'Проект': 'ДенисСамара', 'Сценарист': 'Лариса', 'Текст на обложке': 'ДЕШЕВЛЕ ЛЮКСА ЛУЧШЕ', 'Сценарий': '3 бюджетных бренда косметики, которые ра', 'Дата дедлайна': '10.05.2026'}
2026-06-11 23:53:02,463 [INFO]     📋 НикитаКозлов: 30 строк, 0 ID с данными, 0 новых, 0 уже обработано, 30 без данных
2026-06-11 23:53:02,463 [INFO]   📥 Читаю заголовки: ЗаданияV2 [sid=1W6GCIDBBflA...]...
2026-06-11 23:53:02,865 [INFO]     ✅ 188 строк получено (188 с ID) за 15155мс
2026-06-11 23:53:02,865 [INFO]     👀 Первая строка (row 2): {'ДатаСоздания': '09.04.2026', 'ID': '0', 'Проект': 'ТЕСТ', 'Сценарист': 'ТЕСТ', 'Текст на обложке': 'ТЕСТ', 'Сценарий': 'ТЕСТ', 'Дата дедлайна': '09.04.2026'}
2026-06-11 23:53:02,865 [INFO]   📥 Читаю заголовки: ВсеСвоиКраснодар [sid=1paHyEIxdB2t...]...
2026-06-11 23:53:04,598 [INFO]     ✅ 18 колонок: ДатаСоздания, ID, Проект, Сценарист, Текст на обложке, Сценарий, Дата дедлайна, Ссылка с исходником и обложкой, Фирменный стиль клиента (Его зумы/шрифты/условия /призывы), ТЗ для монтажа, ТЗ монтажа доп (Доп условия), Цена Оплаты, Дата периода оплаты, Одобрение отв. лица, Коментарий сценариста по монтажу
2026-06-11 23:53:05,889 [INFO]     ✅ 26 колонок: ID, Проект, Сценарист, Текст на обложке, Сценарий, Дата дедлайна, Ссылка с исходником и обложкой, Фирменный стиль клиента (Его зумы/шрифты/условия /призывы), ТЗ для монтажа, ТЗ монтажа доп (Доп условия), Статус Сценариста, Комментарий Сценариста, Одобрение исходника, Комментарий, Выбор монтажера
2026-06-11 23:53:06,675 [INFO]   📥 ЗаданияV2: читаю строки 2-2 (1 строк, рендж 'ЗаданияV2'!A2:R2)
2026-06-11 23:53:07,180 [INFO]     ✅ 1 строк получено (1 с ID) за 4717мс
2026-06-11 23:53:07,180 [INFO]     👀 Первая строка (row 2): {'ДатаСоздания': '06.04.2026', 'ID': '0', 'Проект': 'ВсеСвои', 'Сценарист': 'Кристина', 'Текст на обложке': 'ТЕСТ', 'Сценарий': 'ТЕСТ', 'Дата дедлайна': 'ТЕСТ'}
2026-06-11 23:53:07,180 [INFO]     📋 НикитаЛевченко: 1 строк, 0 ID с данными, 0 новых, 0 уже обработано, 1 без данных
2026-06-11 23:53:07,180 [INFO]   📥 Читаю заголовки: ЗаданияV2 [sid=1W2jKnUGtMqJ...]...
2026-06-11 23:53:10,100 [INFO]     ✅ 18 колонок: ДатаСоздания, ID, Проект, Сценарист, Текст на обложке, Сценарий, Дата дедлайна, Ссылка с исходником и обложкой, Фирменный стиль клиента (Его зумы/шрифты/условия /призывы), ТЗ для монтажа, ТЗ монтажа доп (Доп условия), Цена Оплаты, Дата периода оплаты, Одобрение отв. лица, Коментарий сценариста по монтажу
2026-06-11 23:53:12,215 [INFO]   📥 ЗаданияV2: читаю строки 20-49 (30 строк, рендж 'ЗаданияV2'!A20:R49)
2026-06-11 23:53:13,299 [INFO]     ✅ 30 строк получено (30 с ID) за 6119мс
2026-06-11 23:53:13,300 [INFO]     👀 Первая строка (row 20): {'ДатаСоздания': '20.05.2026', 'ID': '146', 'Проект': 'ЛондонАНГЛ', 'Сценарист': 'Лариса', 'Текст на обложке': 'NOT WHERE YOU THINK', 'Сценарий': 'Best areas for families in London — and ', 'Дата дедлайна': ''}
2026-06-11 23:53:13,560 [INFO]     📋 НикитаУльянов: 30 строк, 16 ID с данными, 0 новых, 16 уже обработано, 14 без данных
2026-06-11 23:53:13,560 [INFO]   📥 Читаю заголовки: ЗаданияV2 [sid=1ehjP_D_Fn6v...]...
2026-06-11 23:53:15,767 [INFO]     ✅ 18 колонок: ДатаСоздания, ID, Проект, Сценарист, Текст на обложке, Сценарий, Дата дедлайна, Ссылка с исходником и обложкой, Фирменный стиль клиента (Его зумы/шрифты/условия /призывы), ТЗ для монтажа, ТЗ монтажа доп (Доп условия), Цена Оплаты, Дата периода оплаты, Одобрение отв. лица, Коментарий сценариста по монтажу
2026-06-11 23:53:16,360 [INFO]   📥 ВсеСвоиКраснодар: читаю строки 2-62 (61 строк, рендж 'ВсеСвоиКраснодар'!A2:AA62)
2026-06-11 23:53:17,943 [INFO]   📥 ЗаданияV2: читаю строки 319-348 (30 строк, рендж 'ЗаданияV2'!A319:R348)
2026-06-11 23:53:18,945 [INFO]     ✅ 30 строк получено (30 с ID) за 5384мс
2026-06-11 23:53:18,945 [INFO]     👀 Первая строка (row 319): {'ДатаСоздания': '11.06.2026', 'ID': '762', 'Проект': 'АйфоныАйфоника', 'Сценарист': 'Лариса', 'Текст на обложке': 'АВТОМАТИЗАЦИИ', 'Сценарий': 'Какие автоматизации на айфоне облегчили ', 'Дата дедлайна': '15.06.2026'}
2026-06-11 23:53:18,945 [INFO]     📋 ПавелКоваленко: 30 строк, 0 ID с данными, 0 новых, 0 уже обработано, 30 без данных
2026-06-11 23:53:18,945 [INFO]   📥 Читаю заголовки: ЗаданияV2 [sid=12WCrQG38xgo...]...
2026-06-11 23:53:20,227 [INFO]     ✅ 61 строк получено (61 с ID) за 17362мс
2026-06-11 23:53:20,227 [INFO]     👀 Первая строка (row 2): {'ID': '0', 'Проект': 'ТЕСТ', 'Сценарист': 'ТЕСТ', 'Текст на обложке': 'ТЕСТ', 'Сценарий': 'ТЕСТ', 'Дата дедлайна': '09.04.2026', 'Ссылка с исходником и обложкой': 'ТЕСТ'}
2026-06-11 23:53:20,228 [INFO]   📥 Читаю заголовки: ВсеСвоиПитер [sid=1paHyEIxdB2t...]...
2026-06-11 23:53:20,595 [INFO]     ✅ 18 колонок: ДатаСоздания, ID, Проект, Сценарист, Текст на обложке, Сценарий, Дата дедлайна, Ссылка с исходником и обложкой, Фирменный стиль клиента (Его зумы/шрифты/условия /призывы), ТЗ для монтажа, ТЗ монтажа доп (Доп условия), Цена Оплаты, Дата периода оплаты, Одобрение отв. лица, Коментарий сценариста по монтажу
2026-06-11 23:53:23,350 [INFO]   📥 ЗаданияV2: читаю строки 2-2 (1 строк, рендж 'ЗаданияV2'!A2:R2)
2026-06-11 23:53:24,392 [INFO]     ✅ 1 строк получено (1 с ID) за 5447мс
2026-06-11 23:53:24,392 [INFO]     👀 Первая строка (row 2): {'ДатаСоздания': '06.04.2026', 'ID': '0', 'Проект': 'ВсеСвои', 'Сценарист': 'Кристина', 'Текст на обложке': 'ТЕСТ', 'Сценарий': 'ТЕСТ', 'Дата дедлайна': 'ТЕСТ'}
2026-06-11 23:53:24,392 [INFO]     📋 СофьяМагурина: 1 строк, 0 ID с данными, 0 новых, 0 уже обработано, 1 без данных
2026-06-11 23:53:24,392 [INFO]   📥 Читаю заголовки: ЗаданияV2 [sid=1YDi5jaIPcM9...]...
2026-06-11 23:53:24,942 [INFO]     ✅ 27 колонок: ДатаСоздания, ID, Проект, Сценарист, Текст на обложке, Сценарий, Дата дедлайна, Ссылка с исходником и обложкой, Фирменный стиль клиента (Его зумы/шрифты/условия /призывы), ТЗ для монтажа, ТЗ монтажа доп (Доп условия), Статус Сценариста, Комментарий Сценариста, Одобрение исходника, Комментарий
2026-06-11 23:53:26,671 [INFO]     ✅ 18 колонок: ДатаСоздания, ID, Проект, Сценарист, Текст на обложке, Сценарий, Дата дедлайна, Ссылка с исходником и обложкой, Фирменный стиль клиента (Его зумы/шрифты/условия /призывы), ТЗ для монтажа, ТЗ монтажа доп (Доп условия), Цена Оплаты, Дата периода оплаты, Одобрение отв. лица, Коментарий сценариста по монтажу
2026-06-11 23:53:28,819 [INFO]   📥 ЗаданияV2: читаю строки 2-2 (1 строк, рендж 'ЗаданияV2'!A2:R2)
2026-06-11 23:53:29,867 [INFO]   📥 ВсеСвоиПитер: читаю строки 2-56 (55 строк, рендж 'ВсеСвоиПитер'!A2:AA56)
2026-06-11 23:53:29,919 [INFO]     ✅ 1 строк получено (1 с ID) за 5527мс
2026-06-11 23:53:29,920 [INFO]     👀 Первая строка (row 2): {'ДатаСоздания': '06.04.2026', 'ID': '0', 'Проект': 'ВсеСвои', 'Сценарист': 'Кристина', 'Текст на обложке': 'ТЕСТ', 'Сценарий': 'ТЕСТ', 'Дата дедлайна': 'ТЕСТ'}
2026-06-11 23:53:29,920 [INFO]     📋 ТемирханКонурбаев: 1 строк, 0 ID с данными, 0 новых, 0 уже обработано, 1 без данных
2026-06-11 23:53:29,920 [INFO]   📥 Читаю заголовки: ЗаданияV2 [sid=1-udQBdpJAWb...]...
2026-06-11 23:53:30,710 [INFO]     ✅ 55 строк получено (55 с ID) за 10482мс
2026-06-11 23:53:30,710 [INFO]     👀 Первая строка (row 2): {'ДатаСоздания': '09.04.2026', 'ID': '0', 'Проект': 'ТЕСТ', 'Сценарист': 'ТЕСТ', 'Текст на обложке': 'ТЕСТ', 'Сценарий': 'ТЕСТ', 'Дата дедлайна': '09.04.2026'}
2026-06-11 23:53:30,710 [INFO]   📥 Читаю заголовки: Номос [sid=1paHyEIxdB2t...]...
2026-06-11 23:53:32,240 [INFO]     ✅ 18 колонок: ДатаСоздания, ID, Проект, Сценарист, Текст на обложке, Сценарий, Дата дедлайна, Ссылка с исходником и обложкой, Фирменный стиль клиента (Его зумы/шрифты/условия /призывы), ТЗ для монтажа, ТЗ монтажа доп (Доп условия), Цена Оплаты, Дата периода оплаты, Одобрение отв. лица, Коментарий сценариста по монтажу
2026-06-11 23:53:32,664 [INFO]     ✅ 27 колонок: ДатаСоздания, ID, Проект, Сценарист, Текст на обложке, Сценарий, Дата дедлайна, Ссылка с исходником и обложкой, Фирменный стиль клиента (Его зумы/шрифты/условия /призывы), ТЗ для монтажа, ТЗ монтажа доп (Доп условия), Статус Сценариста, Комментарий Сценариста, Одобрение исходника, Комментарий
2026-06-11 23:53:34,346 [INFO]   📥 ЗаданияV2: читаю строки 30-59 (30 строк, рендж 'ЗаданияV2'!A30:R59)
2026-06-11 23:53:35,549 [INFO]     ✅ 30 строк получено (30 с ID) за 5629мс
2026-06-11 23:53:35,549 [INFO]     👀 Первая строка (row 30): {'ДатаСоздания': '10.04.2026', 'ID': '15', 'Проект': 'ЛондонАНГЛ', 'Сценарист': 'Лариса', 'Текст на обложке': 'FIRST MONTH REGRET', 'Сценарий': 'Two out of three people who move to Lond', 'Дата дедлайна': '25.04.2026'}
2026-06-11 23:53:36,054 [INFO]     📋 УльянаГрехова: 30 строк, 30 ID с данными, 0 новых, 30 уже обработано, 0 без данных
2026-06-11 23:53:36,055 [INFO]   📥 Читаю заголовки: ЗаданияV2 [sid=1T8v-agmqQ6b...]...
2026-06-11 23:53:37,336 [INFO]   📥 Номос: читаю строки 2-190 (189 строк, рендж 'Номос'!A2:AA190)
2026-06-11 23:53:38,235 [INFO]     ✅ 18 колонок: ДатаСоздания, ID, Проект, Сценарист, Текст на обложке, Сценарий, Дата дедлайна, Ссылка с исходником и обложкой, Фирменный стиль клиента (Его зумы/шрифты/условия /призывы), ТЗ для монтажа, ТЗ монтажа доп (Доп условия), Цена Оплаты, Дата периода оплаты, Одобрение отв. лица, Коментарий сценариста по монтажу
2026-06-11 23:53:39,025 [INFO]     ✅ 189 строк получено (189 с ID) за 8315мс
2026-06-11 23:53:39,025 [INFO]     👀 Первая строка (row 2): {'ДатаСоздания': '09.04.2026', 'ID': '0', 'Проект': 'ТЕСТ', 'Сценарист': 'ТЕСТ', 'Текст на обложке': 'ТЕСТ', 'Сценарий': 'ТЕСТ', 'Дата дедлайна': '09.04.2026'}
2026-06-11 23:53:39,025 [INFO]   📥 Читаю заголовки: ИПХ [sid=1paHyEIxdB2t...]...
2026-06-11 23:53:40,265 [INFO]   📥 ЗаданияV2: читаю строки 14-43 (30 строк, рендж 'ЗаданияV2'!A14:R43)
2026-06-11 23:53:40,900 [INFO]     ✅ 26 колонок: ID, Проект, Сценарист, Текст на обложке, Сценарий, Дата дедлайна, Ссылка с исходником и обложкой, Фирменный стиль клиента (Его зумы/шрифты/условия /призывы), ТЗ для монтажа, ТЗ монтажа доп (Доп условия), Статус Сценариста, Комментарий Сценариста, Одобрение исходника, Комментарий, Выбор монтажера
2026-06-11 23:53:41,425 [INFO]     ✅ 30 строк получено (30 с ID) за 5370мс
2026-06-11 23:53:41,425 [INFO]     👀 Первая строка (row 14): {'ДатаСоздания': '14.04.2026', 'ID': '257', 'Проект': 'ВсеСвои', 'Сценарист': 'Кристина', 'Текст на обложке': 'ОТБЕЛИВАНИЕ УБЬЁТ ЗУБЫ', 'Сценарий': 'Три способа отбеливания из интернета. Од', 'Дата дедлайна': '17.04.2026'}
2026-06-11 23:53:41,691 [INFO]     📋 ЭдуардХаматгалимов: 30 строк, 18 ID с данными, 0 новых, 18 уже обработано, 12 без данных
2026-06-11 23:53:41,691 [INFO]   Montager scan: 0 new, 225 skipped, 0 no-data across 26 montagers (145985ms)
2026-06-11 23:53:41,692 [INFO]   ⏱ Шаг 6 занял 145985мс (146.0с)
2026-06-11 23:53:41,692 [INFO] 
2026-06-11 23:53:41,692 [INFO] ━━━━━━━━━━━━━━━━━━━━━━━━━━━━━━━━━━━━━━━━━━━━━━━━━━━━━━━━━━━━━━━━━━━━━━
2026-06-11 23:53:41,692 [INFO] 📡 ШАГ 7: «Одобрение монтажа → клиенту»
2026-06-11 23:53:41,692 [INFO]    action     = send_to_client
2026-06-11 23:53:41,692 [INFO]    источник   = montage_reference/scenarios
2026-06-11 23:53:41,692 [INFO]    target     = nomos_scenarios/main
2026-06-11 23:53:41,692 [INFO]    status_col = Одобрение = 'Одобрено'
2026-06-11 23:53:41,692 [INFO] ━━━━━━━━━━━━━━━━━━━━━━━━━━━━━━━━━━━━━━━━━━━━━━━━━━━━━━━━━━━━━━━━━━━━━━
2026-06-11 23:53:41,692 [INFO]   🎯 Разрешили: montage_reference/scenarios → sid=1paHyEIxdB2t... / tab='СценарииСбор'
2026-06-11 23:53:41,692 [INFO]   📋 Заголовки СценарииСбор — из кеша (27 колонок)
2026-06-11 23:53:43,058 [INFO]   📥 ИПХ: читаю строки 2-188 (187 строк, рендж 'ИПХ'!A2:AA188)
2026-06-11 23:53:48,149 [INFO]   📥 СценарииСбор: читаю строки 846-875 (30 строк, рендж 'СценарииСбор'!A846:AA875)
2026-06-11 23:53:48,566 [INFO]     ✅ 187 строк получено (187 с ID) за 9541мс
2026-06-11 23:53:48,566 [INFO]     👀 Первая строка (row 2): {'ID': '0', 'Проект': 'ТЕСТ', 'Сценарист': 'ТЕСТ', 'Текст на обложке': 'ТЕСТ', 'Сценарий': 'ТЕСТ', 'Дата дедлайна': '09.04.2026', 'Ссылка с исходником и обложкой': 'ТЕСТ'}
2026-06-11 23:53:48,567 [INFO]   📥 Читаю заголовки: ВилстримАзер [sid=1paHyEIxdB2t...]...
2026-06-11 23:53:50,745 [INFO]     ✅ 30 строк получено (30 с ID) за 9053мс
2026-06-11 23:53:50,746 [INFO]     👀 Первая строка (row 846): {'ДатаСоздания': '20.05.2026', 'ID': '15', 'Проект': 'Эвикс', 'Сценарист': 'ЕкатеринаР', 'Текст на обложке': 'ОДНА ВКЛАДКА ВМЕСТО СЕМИ', 'Сценарий': 'Какие нейросети нужны, чтобы сделать вид', 'Дата дедлайна': '27.05.2026'}
2026-06-11 23:53:50,746 [INFO]   📊 Строк для проверки: 30
2026-06-11 23:53:50,762 [INFO]   [1] row 846 ID=15 — ⏩ уже обработано (хеш совпадает (данные не изменились))
2026-06-11 23:53:50,777 [INFO]   [2] row 847 ID=19 — ⏩ уже обработано (хеш совпадает (данные не изменились))
2026-06-11 23:53:50,794 [INFO]   [3] row 848 ID=20 — ⏩ уже обработано (хеш совпадает (данные не изменились))
2026-06-11 23:53:50,809 [INFO]   [4] row 849 ID=21 — ⏩ уже обработано (хеш совпадает (данные не изменились))
2026-06-11 23:53:50,825 [INFO]   [5] row 850 ID=22 — ⏩ уже обработано (хеш совпадает (данные не изменились))
2026-06-11 23:53:50,841 [INFO]   [6] row 851 ID=34 — ⏩ уже обработано (хеш совпадает (данные не изменились))
2026-06-11 23:53:50,857 [INFO]   [7] row 852 ID=35 — ⏩ уже обработано (хеш совпадает (данные не изменились))
2026-06-11 23:53:50,875 [INFO]   [8] row 853 ID=39 — ⏩ уже обработано (хеш совпадает (данные не изменились))
2026-06-11 23:53:50,890 [INFO]   [9] row 854 ID=37 — ⏩ уже обработано (хеш совпадает (данные не изменились))
2026-06-11 23:53:50,906 [INFO]   [10] row 855 ID=40 — ⏩ уже обработано (хеш совпадает (данные не изменились))
2026-06-11 23:53:50,924 [INFO]   [11] row 856 ID=9 — ⏩ уже обработано (хеш совпадает (данные не изменились))
2026-06-11 23:53:50,940 [INFO]   [12] row 857 ID=14 — ⏩ уже обработано (хеш совпадает (данные не изменились))
2026-06-11 23:53:50,955 [INFO]   [13] row 858 ID=10 — ⏩ уже обработано (хеш совпадает (данные не изменились))
2026-06-11 23:53:50,971 [INFO]   [14] row 859 ID=23 — ⏩ уже обработано (хеш совпадает (данные не изменились))
2026-06-11 23:53:50,987 [INFO]   [15] row 860 ID=27 — ⏩ уже обработано (хеш совпадает (данные не изменились))
2026-06-11 23:53:51,002 [INFO]   [16] row 861 ID=29 — ⏩ уже обработано (хеш совпадает (данные не изменились))
2026-06-11 23:53:51,021 [INFO]   [17] row 862 ID=30 — ⏩ уже обработано (хеш совпадает (данные не изменились))
2026-06-11 23:53:51,038 [INFO]   [18] row 863 ID=2 — ⏩ уже обработано (хеш совпадает (данные не изменились))
2026-06-11 23:53:51,054 [INFO]   [19] row 864 ID=3 — ⏩ уже обработано (хеш совпадает (данные не изменились))
2026-06-11 23:53:51,070 [INFO]   [20] row 865 ID=4 — ⏩ уже обработано (хеш совпадает (данные не изменились))
2026-06-11 23:53:51,088 [INFO]   [21] row 866 ID=5 — ⏩ уже обработано (хеш совпадает (данные не изменились))
2026-06-11 23:53:51,105 [INFO]   [22] row 867 ID=6 — ⏩ уже обработано (хеш совпадает (данные не изменились))
2026-06-11 23:53:51,125 [INFO]   [23] row 868 ID=7 — ⏩ уже обработано (хеш совпадает (данные не изменились))
2026-06-11 23:53:51,142 [INFO]   [24] row 869 ID=8 — ⏩ уже обработано (хеш совпадает (данные не изменились))
2026-06-11 23:53:51,162 [INFO]   [25] row 870 ID=9 — ⏩ уже обработано (хеш совпадает (данные не изменились))
2026-06-11 23:53:51,178 [INFO]   [26] row 871 ID=14 — ⏩ уже обработано (хеш совпадает (данные не изменились))
2026-06-11 23:53:51,197 [INFO]   [27] row 872 ID=15 — ⏩ уже обработано (хеш совпадает (данные не изменились))
2026-06-11 23:53:51,213 [INFO]   [28] row 873 ID=1 — ⏩ уже обработано (хеш совпадает (данные не изменились))
2026-06-11 23:53:51,234 [INFO]   [29] row 874 ID=2 — ⏩ уже обработано (хеш совпадает (данные не изменились))
2026-06-11 23:53:51,249 [INFO]   [30] row 875 ID=10 — ⏩ уже обработано (хеш совпадает (данные не изменились))
2026-06-11 23:53:51,249 [INFO]   🏁 Шаг 7: 0 совпадений, 30 пропущено (уже обработано), 0 без триггера, 9557мс
2026-06-11 23:53:51,249 [INFO]   ⏱ Шаг 7 занял 9557мс (9.6с)
2026-06-11 23:53:51,249 [INFO] 
2026-06-11 23:53:51,249 [INFO] ━━━━━━━━━━━━━━━━━━━━━━━━━━━━━━━━━━━━━━━━━━━━━━━━━━━━━━━━━━━━━━━━━━━━━━
2026-06-11 23:53:51,249 [INFO] 📡 ШАГ 8: «Клиент одобрил монтаж → ссылка сценаристу»
2026-06-11 23:53:51,249 [INFO]    action     = send_to_scenarist
2026-06-11 23:53:51,249 [INFO]    источник   = nomos_scenarios/main
2026-06-11 23:53:51,249 [INFO]    target     = montage_reference/scenarios
2026-06-11 23:53:51,249 [INFO]    status_col = Публикация = 'Одобрено'
2026-06-11 23:53:51,249 [INFO] ━━━━━━━━━━━━━━━━━━━━━━━━━━━━━━━━━━━━━━━━━━━━━━━━━━━━━━━━━━━━━━━━━━━━━━
2026-06-11 23:53:51,249 [INFO]   🎯 Разрешили: nomos_scenarios/main → sid=1zVNwBX7e8FI... / tab='Номос'
2026-06-11 23:53:51,249 [INFO]   📋 Заголовки Номос — из кеша (8 колонок)
2026-06-11 23:53:51,287 [INFO]     ✅ 27 колонок: ДатаСоздания, ID, Проект, Сценарист, Текст на обложке, Сценарий, Дата дедлайна, Ссылка с исходником и обложкой, Фирменный стиль клиента (Его зумы/шрифты/условия /призывы), ТЗ для монтажа, ТЗ монтажа доп (Доп условия), Статус Сценариста, Комментарий Сценариста, Одобрение исходника, Комментарий
2026-06-11 23:53:53,629 [INFO]   📥 Номос: читаю строки 205-234 (30 строк, рендж 'Номос'!A205:BO234)
2026-06-11 23:53:54,837 [INFO]     ✅ 30 строк получено (0 с ID) за 3588мс
2026-06-11 23:53:54,838 [INFO]     👀 Первая строка (row 205): {'Анализ материала': '', 'Обработка сценария': 'FALSE', 'Сравнение сценария и дача оценки': '7.1/10', 'Аудит Сценария': '', 'Аудит клиента': '', 'Монтаж': '', 'Публикация': ''}
2026-06-11 23:53:54,838 [INFO]   📊 Строк для проверки: 30
2026-06-11 23:53:54,855 [INFO]   [1] row 205 ID= — ⏩ уже обработано (хеш совпадает (данные не изменились))
2026-06-11 23:53:54,870 [INFO]   [2] row 206 ID= — ⏩ уже обработано (хеш совпадает (данные не изменились))
2026-06-11 23:53:54,885 [INFO]   [3] row 207 ID= — ⏩ уже обработано (хеш совпадает (данные не изменились))
2026-06-11 23:53:54,901 [INFO]   [4] row 208 ID= — ⏩ уже обработано (хеш совпадает (данные не изменились))
2026-06-11 23:53:54,917 [INFO]   [5] row 209 ID= — ⏩ уже обработано (хеш совпадает (данные не изменились))
2026-06-11 23:53:54,931 [INFO]   [6] row 210 ID= — ⏩ уже обработано (хеш совпадает (данные не изменились))
2026-06-11 23:53:54,945 [INFO]   [7] row 211 ID= — ⏩ уже обработано (хеш совпадает (данные не изменились))
2026-06-11 23:53:54,961 [INFO]   [8] row 212 ID= — ⏩ уже обработано (хеш совпадает (данные не изменились))
2026-06-11 23:53:54,977 [INFO]   [9] row 213 ID= — ⏩ уже обработано (хеш совпадает (данные не изменились))
2026-06-11 23:53:54,991 [INFO]   [10] row 214 ID= — ⏩ уже обработано (хеш совпадает (данные не изменились))
2026-06-11 23:53:55,009 [INFO]   [11] row 215 ID= — ⏩ уже обработано (хеш совпадает (данные не изменились))
2026-06-11 23:53:55,024 [INFO]   [12] row 216 ID= — ⏩ уже обработано (хеш совпадает (данные не изменились))
2026-06-11 23:53:55,039 [INFO]   [13] row 217 ID= — ⏩ уже обработано (хеш совпадает (данные не изменились))
2026-06-11 23:53:55,056 [INFO]   [14] row 218 ID= — ⏩ уже обработано (хеш совпадает (данные не изменились))
2026-06-11 23:53:55,073 [INFO]   [15] row 219 ID= — ⏩ уже обработано (хеш совпадает (данные не изменились))
2026-06-11 23:53:55,089 [INFO]   [16] row 220 ID= — ⏩ уже обработано (хеш совпадает (данные не изменились))
2026-06-11 23:53:55,106 [INFO]   [17] row 221 ID= — ⏩ уже обработано (хеш совпадает (данные не изменились))
2026-06-11 23:53:55,121 [INFO]   [18] row 222 ID= — ⏩ уже обработано (хеш совпадает (данные не изменились))
2026-06-11 23:53:55,136 [INFO]   [19] row 223 ID= — ⏩ уже обработано (хеш совпадает (данные не изменились))
2026-06-11 23:53:55,152 [INFO]   [20] row 224 ID= — ⏩ уже обработано (хеш совпадает (данные не изменились))
2026-06-11 23:53:55,168 [INFO]   [21] row 225 ID= — ⏩ уже обработано (хеш совпадает (данные не изменились))
2026-06-11 23:53:55,183 [INFO]   [22] row 226 ID= — ⏩ уже обработано (хеш совпадает (данные не изменились))
2026-06-11 23:53:55,202 [INFO]   [23] row 227 ID= — ⏩ уже обработано (хеш совпадает (данные не изменились))
2026-06-11 23:53:55,216 [INFO]   [24] row 228 ID= — ⏩ уже обработано (хеш совпадает (данные не изменились))
2026-06-11 23:53:55,233 [INFO]   [25] row 229 ID= — ⏩ уже обработано (хеш совпадает (данные не изменились))
2026-06-11 23:53:55,248 [INFO]   [26] row 230 ID= — ⏩ уже обработано (хеш совпадает (данные не изменились))
2026-06-11 23:53:55,265 [INFO]   [27] row 231 ID= — ⏩ уже обработано (хеш совпадает (данные не изменились))
2026-06-11 23:53:55,279 [INFO]   [28] row 232 ID= — ⏩ уже обработано (хеш совпадает (данные не изменились))
2026-06-11 23:53:55,294 [INFO]   [29] row 233 ID= — ⏩ уже обработано (хеш совпадает (данные не изменились))
2026-06-11 23:53:55,311 [INFO]   [30] row 234 ID= — ⏩ уже обработано (хеш совпадает (данные не изменились))
2026-06-11 23:53:55,311 [INFO]   🏁 Шаг 8: 0 совпадений, 30 пропущено (уже обработано), 0 без триггера, 4062мс
2026-06-11 23:53:55,311 [INFO]   ⏱ Шаг 8 занял 4062мс (4.1с)
2026-06-11 23:53:55,311 [INFO] 
2026-06-11 23:53:55,311 [INFO] ━━━━━━━━━━━━━━━━━━━━━━━━━━━━━━━━━━━━━━━━━━━━━━━━━━━━━━━━━━━━━━━━━━━━━━
2026-06-11 23:53:55,311 [INFO] 📡 ШАГ 9: «Сценарист: описание + дата → клиентская таблица»
2026-06-11 23:53:55,311 [INFO]    action     = update_client_table
2026-06-11 23:53:55,311 [INFO]    источник   = montage_reference/scenarios
2026-06-11 23:53:55,311 [INFO]    target     = nomos_scenarios/main
2026-06-11 23:53:55,311 [INFO]    fields     = ['Дата Готового монтажа', 'Описание']
2026-06-11 23:53:55,311 [INFO] ━━━━━━━━━━━━━━━━━━━━━━━━━━━━━━━━━━━━━━━━━━━━━━━━━━━━━━━━━━━━━━━━━━━━━━
2026-06-11 23:53:55,311 [INFO]   🎯 Разрешили: montage_reference/scenarios → sid=1paHyEIxdB2t... / tab='СценарииСбор'
2026-06-11 23:53:55,311 [INFO]   📋 Заголовки СценарииСбор — из кеша (27 колонок)
2026-06-11 23:54:03,912 [INFO]   📥 ВилстримАзер: читаю строки 2-42 (41 строк, рендж 'ВилстримАзер'!A2:AA42)
2026-06-11 23:54:04,246 [INFO]   📥 СценарииСбор: читаю строки 846-875 (30 строк, рендж 'СценарииСбор'!A846:AA875)
2026-06-11 23:54:04,926 [INFO]     ✅ 41 строк получено (41 с ID) за 16358мс
2026-06-11 23:54:04,926 [INFO]     👀 Первая строка (row 2): {'ДатаСоздания': '23.04.2026', 'ID': '1', 'Проект': 'ВилстримАзер', 'Сценарист': 'ЕкатеринаР', 'Текст на обложке': 'AUTSORSİNQ ÇAĞRI MƏRKƏZİ NƏDİR?', 'Сценарий': '«Autsorsinq çağrı mərkəzi» ifadəsini eşi', 'Дата дедлайна': ''}
2026-06-11 23:54:04,926 [INFO]   📥 Читаю заголовки: Ангелина [sid=1paHyEIxdB2t...]...
2026-06-11 23:54:05,648 [INFO]     ✅ 30 строк получено (30 с ID) за 10337мс
2026-06-11 23:54:05,648 [INFO]     👀 Первая строка (row 846): {'ДатаСоздания': '20.05.2026', 'ID': '15', 'Проект': 'Эвикс', 'Сценарист': 'ЕкатеринаР', 'Текст на обложке': 'ОДНА ВКЛАДКА ВМЕСТО СЕМИ', 'Сценарий': 'Какие нейросети нужны, чтобы сделать вид', 'Дата дедлайна': '27.05.2026'}
2026-06-11 23:54:05,649 [INFO]   📊 Строк для проверки: 30
2026-06-11 23:54:05,664 [INFO]   [1] row 846 ID=15 — ⏩ уже обработано (хеш совпадает (данные не изменились))
2026-06-11 23:54:05,678 [INFO]   [2] row 847 ID=19 — ⏩ уже обработано (хеш совпадает (данные не изменились))
2026-06-11 23:54:05,693 [INFO]   [3] row 848 ID=20 — ⏩ уже обработано (хеш совпадает (данные не изменились))
2026-06-11 23:54:05,708 [INFO]   [4] row 849 ID=21 — ⏩ уже обработано (хеш совпадает (данные не изменились))
2026-06-11 23:54:05,722 [INFO]   [5] row 850 ID=22 — ⏩ уже обработано (хеш совпадает (данные не изменились))
2026-06-11 23:54:05,738 [INFO]   [6] row 851 ID=34 — ⏩ уже обработано (хеш совпадает (данные не изменились))
2026-06-11 23:54:05,756 [INFO]   [7] row 852 ID=35 — ⏩ уже обработано (хеш совпадает (данные не изменились))
2026-06-11 23:54:05,773 [INFO]   [8] row 853 ID=39 — ⏩ уже обработано (хеш совпадает (данные не изменились))
2026-06-11 23:54:05,789 [INFO]   [9] row 854 ID=37 — ⏩ уже обработано (хеш совпадает (данные не изменились))
2026-06-11 23:54:05,804 [INFO]   [10] row 855 ID=40 — ⏩ уже обработано (хеш совпадает (данные не изменились))
2026-06-11 23:54:05,804 [INFO]   [11] row 856 ID=9 — ❌ триггер не сработал: Дата Готового монтажа='' → ❌ пусто | Описание='' → ❌ пусто
2026-06-11 23:54:05,804 [INFO]   [12] row 857 ID=14 — ❌ триггер не сработал: Дата Готового монтажа='' → ❌ пусто | Описание='' → ❌ пусто
2026-06-11 23:54:05,804 [INFO]   [13] row 858 ID=10 — ❌ триггер не сработал: Дата Готового монтажа='' → ❌ пусто | Описание='' → ❌ пусто
2026-06-11 23:54:05,804 [INFO]   [14] row 859 ID=23 — ❌ триггер не сработал: Дата Готового монтажа='' → ❌ пусто | Описание='' → ❌ пусто
2026-06-11 23:54:05,804 [INFO]   [15] row 860 ID=27 — ❌ триггер не сработал: Дата Готового монтажа='' → ❌ пусто | Описание='' → ❌ пусто
2026-06-11 23:54:05,804 [INFO]   [16] row 861 ID=29 — ❌ триггер не сработал: Дата Готового монтажа='' → ❌ пусто | Описание='' → ❌ пусто
2026-06-11 23:54:05,804 [INFO]   [17] row 862 ID=30 — ❌ триггер не сработал: Дата Готового монтажа='' → ❌ пусто | Описание='' → ❌ пусто
2026-06-11 23:54:05,821 [INFO]   [18] row 863 ID=2 — ⏩ уже обработано (хеш совпадает (данные не изменились))
2026-06-11 23:54:05,836 [INFO]   [19] row 864 ID=3 — ⏩ уже обработано (хеш совпадает (данные не изменились))
2026-06-11 23:54:05,853 [INFO]   [20] row 865 ID=4 — ⏩ уже обработано (хеш совпадает (данные не изменились))
2026-06-11 23:54:05,871 [INFO]   [21] row 866 ID=5 — ⏩ уже обработано (хеш совпадает (данные не изменились))
2026-06-11 23:54:05,887 [INFO]   [22] row 867 ID=6 — ⏩ уже обработано (хеш совпадает (данные не изменились))
2026-06-11 23:54:05,903 [INFO]   [23] row 868 ID=7 — ⏩ уже обработано (хеш совпадает (данные не изменились))
2026-06-11 23:54:05,921 [INFO]   [24] row 869 ID=8 — ⏩ уже обработано (хеш совпадает (данные не изменились))
2026-06-11 23:54:05,938 [INFO]   [25] row 870 ID=9 — ⏩ уже обработано (хеш совпадает (данные не изменились))
2026-06-11 23:54:05,957 [INFO]   [26] row 871 ID=14 — ⏩ уже обработано (хеш совпадает (данные не изменились))
2026-06-11 23:54:05,976 [INFO]   [27] row 872 ID=15 — ⏩ уже обработано (хеш совпадает (данные не изменились))
2026-06-11 23:54:05,976 [INFO]   [28] row 873 ID=1 — ❌ триггер не сработал: Дата Готового монтажа='' → ❌ пусто | Описание='' → ❌ пусто
2026-06-11 23:54:05,976 [INFO]   [29] row 874 ID=2 — ❌ триггер не сработал: Дата Готового монтажа='' → ❌ пусто | Описание='' → ❌ пусто
2026-06-11 23:54:05,993 [INFO]   [30] row 875 ID=10 — ⏩ уже обработано (хеш совпадает (данные не изменились))
2026-06-11 23:54:05,993 [INFO]   🏁 Шаг 9: 0 совпадений, 21 пропущено (уже обработано), 9 без триггера, 10682мс
2026-06-11 23:54:05,993 [INFO]   ⏱ Шаг 9 занял 10683мс (10.7с)
2026-06-11 23:54:05,994 [INFO] ======================================================================
2026-06-11 23:54:05,994 [INFO] 📈 ЦИКЛ ЗАВЕРШЁН: 0 действий, 212055мс (212.1с)
2026-06-11 23:54:05,994 [INFO]    API-чтений:       96
2026-06-11 23:54:05,994 [INFO]    API-записей (DRY): 0
2026-06-11 23:54:05,994 [INFO]    По шагам:
2026-06-11 23:54:05,995 [INFO]      Шаг 1 | Одобрение → клиентск |   0 строк |   0 действий | 6110мс 
2026-06-11 23:54:05,995 [INFO]      Шаг 2 | Пинг-понг сценарист  |   0 строк |   0 действий | 3771мс 
2026-06-11 23:54:05,995 [INFO]      Шаг 3 | Дедлайн + исходник + |   0 строк |   0 действий | 20108мс 
2026-06-11 23:54:05,995 [INFO]      Шаг 4 | Пинг-понг менеджер ↔ |   0 строк |   0 действий | 3389мс 
2026-06-11 23:54:05,996 [INFO]      Шаг 5 | Выбор монтажёра → та |   0 строк |   0 действий | 8387мс 
2026-06-11 23:54:05,996 [INFO]      Шаг 6 | Пинг-понг монтажёр ↔ |   0 строк |   0 действий | 145985мс 
2026-06-11 23:54:05,996 [INFO]      Шаг 7 | Одобрение монтажа →  |   0 строк |   0 действий | 9557мс 
2026-06-11 23:54:05,996 [INFO]      Шаг 8 | Клиент одобрил монта |   0 строк |   0 действий | 4062мс 
2026-06-11 23:54:05,996 [INFO]      Шаг 9 | Сценарист: описание  |   0 строк |   0 действий | 10683мс 
2026-06-11 23:54:05,996 [INFO] 
2026-06-11 23:54:05,996 [INFO]   📋 Заголовки Номос — из кеша (8 колонок)
2026-06-11 23:54:05,996 [INFO]   📋 Заголовки Номос — из кеша (8 колонок)
2026-06-11 23:54:07,045 [INFO]     ✅ 27 колонок: ДатаСоздания, ID, Проект, Сценарист, Текст на обложке, Сценарий, Дата дедлайна, Ссылка с исходником и обложкой, Фирменный стиль клиента (Его зумы/шрифты/условия /призывы), ТЗ для монтажа, ТЗ монтажа доп (Доп условия), Статус Сценариста, Комментарий Сценариста, Одобрение исходника, Комментарий
2026-06-11 23:54:07,514 [INFO]   📥 Номос: читаю строки 205-234 (30 строк, рендж 'Номос'!A205:BO234)
2026-06-11 23:54:09,093 [INFO]     ✅ 30 строк получено (0 с ID) за 3097мс
2026-06-11 23:54:09,093 [INFO]     👀 Первая строка (row 205): {'Анализ материала': '', 'Обработка сценария': 'FALSE', 'Сравнение сценария и дача оценки': '7.1/10', 'Аудит Сценария': '', 'Аудит клиента': '', 'Монтаж': '', 'Публикация': ''}
2026-06-11 23:54:09,093 [INFO]   📋 Заголовки СценарииСбор — из кеша (27 колонок)
2026-06-11 23:54:09,093 [INFO]   📋 Заголовки СценарииСбор — из кеша (27 колонок)
2026-06-11 23:54:22,414 [INFO]   📥 Ангелина: читаю строки 2-129 (128 строк, рендж 'Ангелина'!A2:AA129)
2026-06-11 23:54:22,578 [INFO]   📥 СценарииСбор: читаю строки 846-875 (30 строк, рендж 'СценарииСбор'!A846:AA875)
2026-06-11 23:54:27,367 [INFO]     ✅ 30 строк получено (30 с ID) за 18273мс
2026-06-11 23:54:27,367 [INFO]     👀 Первая строка (row 846): {'ДатаСоздания': '20.05.2026', 'ID': '15', 'Проект': 'Эвикс', 'Сценарист': 'ЕкатеринаР', 'Текст на обложке': 'ОДНА ВКЛАДКА ВМЕСТО СЕМИ', 'Сценарий': 'Какие нейросети нужны, чтобы сделать вид', 'Дата дедлайна': '27.05.2026'}
2026-06-11 23:54:27,367 [INFO]   📥 Читаю заголовки: Сценарии [sid=1txbhJZiYuwV...]...
2026-06-11 23:54:27,563 [INFO]     ✅ 128 строк получено (128 с ID) за 22636мс
2026-06-11 23:54:27,563 [INFO]     👀 Первая строка (row 2): {'ДатаСоздания': '09.04.2026', 'ID': '0', 'Проект': 'ТЕСТ', 'Сценарист': 'ТЕСТ', 'Текст на обложке': 'ТЕСТ', 'Сценарий': 'ТЕСТ', 'Дата дедлайна': '09.04.2026'}
2026-06-11 23:54:27,563 [INFO]   📥 Читаю заголовки: Restic [sid=1paHyEIxdB2t...]...
2026-06-11 23:54:29,415 [INFO]     ✅ 3 колонок: Данные по сценарию (Трансляция данных обновляется каждые 5 минут Данные здесь не править), Рассмотрение сценария КЛИЕНТ (Здесь вы ставите свое одобрение/комментарий), Рассмотрение монтажа (При одобрении СЦЕНАРИЯ дальнейшие правки по монтажу для сценария - не применяются )
2026-06-11 23:54:29,416 [INFO]   📋 Заголовки Сценарии — из кеша (3 колонок)
2026-06-11 23:54:31,508 [INFO]   📥 Сценарии: читаю строки 132-161 (30 строк, рендж 'Сценарии'!A132:K161)
2026-06-11 23:54:31,720 [INFO]     ✅ 27 колонок: ДатаСоздания, ID, Проект, Сценарист, Текст на обложке, Сценарий, Дата дедлайна, Ссылка с исходником и обложкой, Фирменный стиль клиента (Его зумы/шрифты/условия /призывы), ТЗ для монтажа, ТЗ монтажа доп (Доп условия), Статус Сценариста, Комментарий Сценариста, Одобрение исходника, Комментарий
2026-06-11 23:54:32,609 [INFO]     ✅ 30 строк получено (0 с ID) за 3193мс
2026-06-11 23:54:32,609 [INFO]     👀 Первая строка (row 132): {'Данные по сценарию (Трансляция данных обновляется каждые 5 минут Данные здесь не править)': '166', 'Рассмотрение сценария КЛИЕНТ (Здесь вы ставите свое одобрение/комментарий)': '', 'Рассмотрение монтажа (При одобрении СЦЕНАРИЯ дальнейшие правки по монтажу для сценария - не применяются )': 'https://drive.google.com/drive/folders/1'}
2026-06-11 23:54:32,610 [INFO] 💾 Состояние сохранено в /app/logs/state.json
2026-06-11 23:54:32,610 [INFO] Job "run_cycle (trigger: interval[0:10:00], next run at: 2026-06-12 00:00:33 MSK)" executed successfully
2026-06-11 23:54:42,360 [INFO]   📥 Restic: читаю строки 2-89 (88 строк, рендж 'Restic'!A2:AA89)
2026-06-11 23:54:43,512 [INFO]     ✅ 88 строк получено (88 с ID) за 15949мс
2026-06-11 23:54:43,513 [INFO]     👀 Первая строка (row 2): {'ДатаСоздания': '09.04.2026', 'ID': '0', 'Проект': 'Restic', 'Сценарист': 'ТЕСТ4', 'Текст на обложке': 'ТЕСТ5', 'Сценарий': 'ТЕСТ6', 'Дата дедлайна': '09.04.2026'}
2026-06-11 23:54:43,519 [INFO]   📥 Читаю заголовки: ЛондонАНГЛ [sid=1paHyEIxdB2t...]...
2026-06-11 23:54:58,940 [INFO]     ✅ 27 колонок: ДатаСоздания, ID, Проект, Сценарист, Текст на обложке, Сценарий, Дата дедлайна, Ссылка с исходником и обложкой, Фирменный стиль клиента (Его зумы/шрифты/условия /призывы), ТЗ для монтажа, ТЗ монтажа доп (Доп условия), Статус Сценариста, Комментарий Сценариста, Одобрение исходника, Комментарий
2026-06-11 23:55:00,813 [INFO]   📥 ЛондонАНГЛ: читаю строки 2-90 (89 строк, рендж 'ЛондонАНГЛ'!A2:AA90)
2026-06-11 23:55:01,697 [INFO]     ✅ 89 строк получено (89 с ID) за 18178мс
2026-06-11 23:55:01,698 [INFO]     👀 Первая строка (row 2): {'ДатаСоздания': '09.04.2026', 'ID': '0', 'Проект': 'ТЕСТ', 'Сценарист': 'ТЕСТ', 'Текст на обложке': 'ТЕСТ', 'Сценарий': 'ТЕСТ', 'Дата дедлайна': '09.04.2026'}
2026-06-11 23:55:01,698 [INFO]   📥 Читаю заголовки: ГинекологСюсан [sid=1paHyEIxdB2t...]...
2026-06-11 23:55:04,267 [INFO]     ✅ 27 колонок: ДатаСоздания, ID, Проект, Сценарист, Текст на обложке, Сценарий, Дата дедлайна, Ссылка с исходником и обложкой, Фирменный стиль клиента (Его зумы/шрифты/условия /призывы), ТЗ для монтажа, ТЗ монтажа доп (Доп условия), Статус Сценариста, Комментарий Сценариста, Одобрение исходника, Комментарий
2026-06-11 23:55:06,146 [INFO]   📥 ГинекологСюсан: читаю строки 2-70 (69 строк, рендж 'ГинекологСюсан'!A2:AA70)
2026-06-11 23:55:09,735 [INFO]     ✅ 69 строк получено (69 с ID) за 8036мс
2026-06-11 23:55:09,735 [INFO]     👀 Первая строка (row 2): {'ДатаСоздания': '09.04.2026', 'ID': '0', 'Проект': 'ТЕСТ', 'Сценарист': 'ТЕСТ', 'Текст на обложке': 'ТЕСТ', 'Сценарий': 'ТЕСТ', 'Дата дедлайна': '09.04.2026'}
2026-06-11 23:55:09,735 [INFO]   📥 Читаю заголовки: Кристина [sid=1paHyEIxdB2t...]...
2026-06-11 23:55:13,690 [INFO]     ✅ 27 колонок: ДатаСоздания, ID, Проект, Сценарист, Текст на обложке, Сценарий, Дата дедлайна, Ссылка с исходником и обложкой, Фирменный стиль клиента (Его зумы/шрифты/условия /призывы), ТЗ для монтажа, ТЗ монтажа доп (Доп условия), Статус Сценариста, Комментарий Сценариста, Одобрение исходника, Комментарий
2026-06-11 23:55:24,879 [INFO]   📥 Кристина: читаю строки 2-137 (136 строк, рендж 'Кристина'!A2:AA137)
2026-06-11 23:55:27,911 [INFO]     ✅ 136 строк получено (136 с ID) за 18176мс
2026-06-11 23:55:27,911 [INFO]     👀 Первая строка (row 2): {'ДатаСоздания': '09.04.2026', 'ID': '0', 'Проект': 'ТЕСТ', 'Сценарист': 'ТЕСТ', 'Текст на обложке': 'ТЕСТ', 'Сценарий': 'ТЕСТ', 'Дата дедлайна': '09.04.2026'}
2026-06-11 23:55:27,912 [INFO]   📥 Читаю заголовки: Роксана [sid=1paHyEIxdB2t...]...
2026-06-11 23:55:29,978 [INFO]     ✅ 27 колонок: ], ID, Проект, Сценарист, Текст на обложке, Сценарий, Дата дедлайна, Ссылка с исходником и обложкой, Фирменный стиль клиента (Его зумы/шрифты/условия /призывы), ТЗ для монтажа, ТЗ монтажа доп (Доп условия), Статус Сценариста, Комментарий Сценариста, Одобрение исходника, Комментарий
2026-06-11 23:55:32,286 [INFO]   📥 Роксана: читаю строки 2-42 (41 строк, рендж 'Роксана'!A2:AA42)
2026-06-11 23:55:33,262 [INFO]     ✅ 41 строк получено (41 с ID) за 5351мс
2026-06-11 23:55:33,263 [INFO]     👀 Первая строка (row 2): {']': '08.04.2026', 'ID': '3', 'Проект': 'Роксана', 'Сценарист': '', 'Текст на обложке': 'СЕКРЕТ КОРЕЯНОК РАСКРЫТ', 'Сценарий': 'Кореянки не стареют. И дело не в генетик', 'Дата дедлайна': '01.05.2026'}
2026-06-11 23:55:33,263 [INFO]   📥 Читаю заголовки: АлисаЭндо [sid=1paHyEIxdB2t...]...
2026-06-11 23:55:35,180 [INFO]     ✅ 25 колонок: ДатаСоздания, ID, Проект, Сценарист, Текст на обложке, Сценарий, Дата дедлайна, Ссылка с исходником и обложкой, Фирменный стиль клиента (Его зумы/шрифты/условия /призывы), ТЗ для монтажа, ТЗ монтажа доп (Доп условия), Статус Сценариста, Комментарий Сценариста, Одобрение исходника, Комментарий
2026-06-11 23:55:37,105 [INFO]   📥 АлисаЭндо: читаю строки 2-2 (1 строк, рендж 'АлисаЭндо'!A2:Y2)
2026-06-11 23:55:38,447 [INFO]     ✅ 1 строк получено (1 с ID) за 5183мс
2026-06-11 23:55:38,447 [INFO]     👀 Первая строка (row 2): {'ДатаСоздания': '09.04.2026', 'ID': '0', 'Проект': 'ТЕСТ', 'Сценарист': 'ТЕСТ', 'Текст на обложке': 'ТЕСТ', 'Сценарий': 'ТЕСТ', 'Дата дедлайна': '46121'}
2026-06-11 23:55:38,447 [INFO]   📥 Читаю заголовки: ДенисСамара [sid=1paHyEIxdB2t...]...
2026-06-11 23:55:41,419 [INFO]     ✅ 26 колонок: ID, Проект, Сценарист, Текст на обложке, Сценарий, Дата дедлайна, Ссылка с исходником и обложкой, Фирменный стиль клиента (Его зумы/шрифты/условия /призывы), ТЗ для монтажа, ТЗ монтажа доп (Доп условия), Статус Сценариста, Комментарий Сценариста, Одобрение исходника, Комментарий, Выбор монтажера
2026-06-11 23:55:46,676 [INFO]   📥 ДенисСамара: читаю строки 2-146 (145 строк, рендж 'ДенисСамара'!A2:AA146)
2026-06-11 23:55:51,943 [INFO]     ✅ 145 строк получено (145 с ID) за 13496мс
2026-06-11 23:55:51,943 [INFO]     👀 Первая строка (row 2): {'ID': '0', 'Проект': 'ТЕСТ', 'Сценарист': 'ТЕСТ', 'Текст на обложке': 'ТЕСТ', 'Сценарий': 'ТЕСТ', 'Дата дедлайна': '09.04.2026', 'Ссылка с исходником и обложкой': 'ТЕСТ'}
2026-06-11 23:55:51,944 [INFO]   📥 Читаю заголовки: ДокторВолос [sid=1paHyEIxdB2t...]...
2026-06-11 23:55:53,708 [INFO]     ✅ 27 колонок: ДатаСоздания, ID, Проект, Сценарист, Текст на обложке, Сценарий, Дата дедлайна, Ссылка с исходником и обложкой, Фирменный стиль клиента (Его зумы/шрифты/условия /призывы), ТЗ для монтажа, ТЗ монтажа доп (Доп условия), Статус Сценариста, Комментарий Сценариста, Одобрение исходника, Комментарий
